Ex1 (OOP) Simulator log: stage B2.json,  outputB2a.csv
0.0,OOP_Ex1_Elevator_Simulator
0.0,Simulated Building, Building [-2,10]
0) ex1.Elevator_A, Elev_, id,1,  speed, 1.0, open: 2.0,  start: 3.0, close: 2.0,  stop: 3.0
1) ex1.Elevator_A, Elev_, id,2,  speed, 2.0, open: 2.0,  start: 3.0, close: 2.0,  stop: 3.0

0.0,Simulated Period starTime,0.0,  endTime,1104.1840186,  dt,1.0
0.0,Simulated  calls,Elevator log, size: 100
0.0,**** Simulation starts!! ****
5.0,Elevator call,4.37472729,0,-1,1,0, got allocated to elevator, 0
5.0,Elev,1,  arrived at src, 0, Elevator call,4.37472729,0,-1,2,0
5.0, elevID,1,  pos,0,  cmd, goto,-1
16.0,Elev,1,  arrived at dest, -1, this call is done!, Elevator call,4.37472729,0,-1,3,0, Done, dt, 11.62527271
17.0,Elevator call,16.95788289,-1,0,1,0, got allocated to elevator, 0
17.0,Elev,1,  arrived at src, -1, Elevator call,16.95788289,-1,0,2,0
17.0, elevID,1,  pos,-1,  cmd, goto,0
23.0,Elevator call,22.0940563,0,-1,1,0, got allocated to elevator, 0
28.0,Elev,1,  arrived at dest, 0, this call is done!, Elevator call,16.95788289,-1,0,3,0, Done, dt, 11.04211711
28.0,Elev,1,  arrived at src, 0, Elevator call,22.0940563,0,-1,2,0
28.0, elevID,1,  pos,0,  cmd, goto,-1
39.0,Elev,1,  arrived at dest, -1, this call is done!, Elevator call,22.0940563,0,-1,3,0, Done, dt, 16.9059437
86.0,Elevator call,85.52096662,3,2,1,0, got allocated to elevator, 0
86.0, elevID,1,  pos,-1,  cmd, goto,3
92.0,Elevator call,91.21019413,-1,-2,1,0, got allocated to elevator, 0
100.0,Elev,1,  arrived at src, 3, Elevator call,85.52096662,3,2,2,0
100.0, elevID,1,  pos,3,  cmd, goto,2
105.0,Elevator call,104.1370124,0,4,1,1, got allocated to elevator, 1
105.0,Elev,2,  arrived at src, 0, Elevator call,104.1370124,0,4,2,1
105.0, elevID,2,  pos,0,  cmd, goto,4
110.0,Elevator call,109.2135291,-1,0,1,0, got allocated to elevator, 0
111.0,Elev,1,  arrived at dest, 2, this call is done!, Elevator call,85.52096662,3,2,3,0, Done, dt, 25.479033380000004
111.0, elevID,1,  pos,2,  cmd, goto,-1
115.0,Elevator call,114.392351,3,0,1,1, got allocated to elevator, 1
117.0,Elev,2,  arrived at dest, 4, this call is done!, Elevator call,104.1370124,0,4,3,1, Done, dt, 12.862987599999997
117.0, elevID,2,  pos,4,  cmd, goto,3
124.0,Elev,1,  arrived at src, -1, Elevator call,91.21019413,-1,-2,2,0
124.0,Elev,1,  arrived at src, -1, Elevator call,109.2135291,-1,0,2,0
124.0, elevID,1,  pos,-1,  cmd, goto,-2
125.0,Elevator call,124.425571,0,9,1,1, got allocated to elevator, 1
128.0,Elev,2,  arrived at src, 3, Elevator call,114.392351,3,0,2,1
128.0, elevID,2,  pos,3,  cmd, goto,0
131.0,Elevator call,130.0249568,8,10,1,0, got allocated to elevator, 0
131.0,Elevator call,130.2249113,-1,1,1,0, got allocated to elevator, 0
135.0,Elev,1,  arrived at dest, -2, this call is done!, Elevator call,91.21019413,-1,-2,3,0, Done, dt, 43.789805869999995
135.0, elevID,1,  pos,-2,  cmd, goto,-1
138.0,Elevator call,137.9515274,0,4,1,1, got allocated to elevator, 1
140.0,Elev,2,  arrived at dest, 0, this call is done!, Elevator call,114.392351,3,0,3,1, Done, dt, 25.607648999999995
140.0,Elev,2,  arrived at src, 0, Elevator call,124.425571,0,9,2,1
140.0,Elev,2,  arrived at src, 0, Elevator call,137.9515274,0,4,2,1
140.0, elevID,2,  pos,0,  cmd, goto,4
144.0,Elevator call,143.9133584,0,6,1,1, got allocated to elevator, 1
144.0, elevID,2,  pos,0,  cmd, stop,0
146.0,Elev,1,  arrived at src, -1, Elevator call,130.2249113,-1,1,2,0
146.0, elevID,1,  pos,-1,  cmd, goto,0
150.0,Elev,2,  arrived at src, 0, Elevator call,143.9133584,0,6,2,1
150.0, elevID,2,  pos,0,  cmd, goto,4
157.0,Elev,1,  arrived at dest, 0, this call is done!, Elevator call,109.2135291,-1,0,3,0, Done, dt, 47.7864709
157.0, elevID,1,  pos,0,  cmd, goto,1
162.0,Elev,2,  arrived at dest, 4, this call is done!, Elevator call,137.9515274,0,4,3,1, Done, dt, 24.048472599999997
162.0, elevID,2,  pos,4,  cmd, goto,6
168.0,Elev,1,  arrived at dest, 1, this call is done!, Elevator call,130.2249113,-1,1,3,0, Done, dt, 37.7750887
168.0, elevID,1,  pos,1,  cmd, goto,8
170.0,Elevator call,169.7845834,-1,0,1,0, got allocated to elevator, 0
171.0,Elevator call,170.0099621,0,6,1,1, got allocated to elevator, 1
172.0,Elevator call,171.2117332,-1,8,1,1, got allocated to elevator, 1
173.0,Elev,2,  arrived at dest, 6, this call is done!, Elevator call,143.9133584,0,6,3,1, Done, dt, 29.086641600000007
173.0, elevID,2,  pos,6,  cmd, goto,9
175.0,Elevator call,174.8438515,0,-1,1,0, got allocated to elevator, 0
185.0,Elev,1,  arrived at src, 8, Elevator call,130.0249568,8,10,2,0
185.0, elevID,1,  pos,8,  cmd, goto,10
185.0,Elev,2,  arrived at dest, 9, this call is done!, Elevator call,124.425571,0,9,3,1, Done, dt, 60.574428999999995
185.0, elevID,2,  pos,9,  cmd, goto,0
188.0,Elevator call,187.1167862,-1,-2,1,0, got allocated to elevator, 0
188.0,Elevator call,187.7299318,-1,-2,1,0, got allocated to elevator, 0
196.0,Elevator call,195.9086965,0,7,1,1, got allocated to elevator, 1
197.0,Elev,1,  arrived at dest, 10, this call is done!, Elevator call,130.0249568,8,10,3,0, Done, dt, 66.97504319999999
197.0, elevID,1,  pos,10,  cmd, goto,0
198.0,Elevator call,197.5359191,-1,1,1,0, got allocated to elevator, 0
200.0,Elev,2,  arrived at src, 0, Elevator call,170.0099621,0,6,2,1
200.0,Elev,2,  arrived at src, 0, Elevator call,195.9086965,0,7,2,1
200.0, elevID,2,  pos,0,  cmd, goto,-1
206.0,Elevator call,205.9895199,-1,0,1,0, got allocated to elevator, 0
211.0,Elev,2,  arrived at src, -1, Elevator call,171.2117332,-1,8,2,1
211.0, elevID,2,  pos,-1,  cmd, goto,6
217.0,Elev,1,  arrived at src, 0, Elevator call,174.8438515,0,-1,2,0
217.0, elevID,1,  pos,0,  cmd, goto,-1
225.0,Elev,2,  arrived at dest, 6, this call is done!, Elevator call,170.0099621,0,6,3,1, Done, dt, 54.990037900000004
225.0, elevID,2,  pos,6,  cmd, goto,7
228.0,Elevator call,227.0798305,-1,5,1,1, got allocated to elevator, 1
228.0,Elev,1,  arrived at src, -1, Elevator call,169.7845834,-1,0,2,0
228.0,Elev,1,  arrived at dest, -1, this call is done!, Elevator call,174.8438515,0,-1,3,0, Done, dt, 53.1561485
228.0,Elev,1,  arrived at src, -1, Elevator call,187.1167862,-1,-2,2,0
228.0,Elev,1,  arrived at src, -1, Elevator call,187.7299318,-1,-2,2,0
228.0,Elev,1,  arrived at src, -1, Elevator call,197.5359191,-1,1,2,0
228.0,Elev,1,  arrived at src, -1, Elevator call,205.9895199,-1,0,2,0
228.0, elevID,1,  pos,-1,  cmd, goto,-2
232.0,Elevator call,231.5157882,-1,0,1,0, got allocated to elevator, 0
, elevID,1,  pos,-1,  cmd, stop,-1
233.0,Elevator call,232.9504362,0,-1,1,0, got allocated to elevator, 0
236.0,Elev,2,  arrived at dest, 7, this call is done!, Elevator call,195.9086965,0,7,3,1, Done, dt, 40.09130350000001
236.0, elevID,2,  pos,7,  cmd, goto,8
238.0,Elev,1,  arrived at src, -1, Elevator call,231.5157882,-1,0,2,0
238.0, elevID,1,  pos,-1,  cmd, goto,-2
247.0,Elev,2,  arrived at dest, 8, this call is done!, Elevator call,171.2117332,-1,8,3,1, Done, dt, 75.7882668
247.0, elevID,2,  pos,8,  cmd, goto,-1
249.0,Elev,1,  arrived at dest, -2, this call is done!, Elevator call,187.1167862,-1,-2,3,0, Done, dt, 61.88321379999999
249.0,Elev,1,  arrived at dest, -2, this call is done!, Elevator call,187.7299318,-1,-2,3,0, Done, dt, 61.2700682
249.0, elevID,1,  pos,-2,  cmd, goto,0
252.0,Elevator call,251.1044469,-1,-2,1,0, got allocated to elevator, 0
252.0,Elevator call,251.2359335,0,9,1,1, got allocated to elevator, 1
252.0, elevID,1,  pos,-2,  cmd, stop,-1
, elevID,2,  pos,8,  cmd, stop,0
255.0,Elevator call,254.6977153,3,4,1,0, got allocated to elevator, 0
258.0,Elevator call,257.7974435,-1,0,1,0, got allocated to elevator, 0
260.0,Elev,1,  arrived at src, -1, Elevator call,251.1044469,-1,-2,2,0
260.0,Elev,1,  arrived at src, -1, Elevator call,257.7974435,-1,0,2,0
260.0, elevID,1,  pos,-1,  cmd, goto,0
261.0,Elev,2,  arrived at src, 0, Elevator call,251.2359335,0,9,2,1
261.0, elevID,2,  pos,0,  cmd, goto,-1
271.0,Elev,1,  arrived at dest, 0, this call is done!, Elevator call,169.7845834,-1,0,3,0, Done, dt, 101.2154166
271.0,Elev,1,  arrived at dest, 0, this call is done!, Elevator call,205.9895199,-1,0,3,0, Done, dt, 65.0104801
271.0,Elev,1,  arrived at dest, 0, this call is done!, Elevator call,231.5157882,-1,0,3,0, Done, dt, 39.4842118
271.0,Elev,1,  arrived at src, 0, Elevator call,232.9504362,0,-1,2,0
271.0,Elev,1,  arrived at dest, 0, this call is done!, Elevator call,257.7974435,-1,0,3,0, Done, dt, 13.202556500000014
271.0, elevID,1,  pos,0,  cmd, goto,1
272.0,Elev,2,  arrived at src, -1, Elevator call,227.0798305,-1,5,2,1
272.0, elevID,2,  pos,-1,  cmd, goto,5
282.0,Elev,1,  arrived at dest, 1, this call is done!, Elevator call,197.5359191,-1,1,3,0, Done, dt, 84.4640809
282.0, elevID,1,  pos,1,  cmd, goto,3
285.0,Elev,2,  arrived at dest, 5, this call is done!, Elevator call,227.0798305,-1,5,3,1, Done, dt, 57.920169499999986
285.0, elevID,2,  pos,5,  cmd, goto,9
294.0,Elev,1,  arrived at src, 3, Elevator call,254.6977153,3,4,2,0
294.0, elevID,1,  pos,3,  cmd, goto,4
296.0,Elevator call,295.7943357,0,1,1,0, got allocated to elevator, 0
297.0,Elev,2,  arrived at dest, 9, this call is done!, Elevator call,251.2359335,0,9,3,1, Done, dt, 45.76406650000001
305.0,Elevator call,304.9984388,6,0,1,1, got allocated to elevator, 1
305.0,Elev,1,  arrived at dest, 4, this call is done!, Elevator call,254.6977153,3,4,3,0, Done, dt, 50.3022847
305.0, elevID,1,  pos,4,  cmd, goto,0
305.0, elevID,2,  pos,9,  cmd, goto,6
310.0,Elevator call,309.3005383,0,-1,1,0, got allocated to elevator, 0
313.0,Elevator call,312.3018556,0,-1,1,0, got allocated to elevator, 0
317.0,Elevator call,316.0323783,0,-1,1,0, got allocated to elevator, 0
317.0,Elev,2,  arrived at src, 6, Elevator call,304.9984388,6,0,2,1
317.0, elevID,2,  pos,6,  cmd, goto,0
319.0,Elev,1,  arrived at src, 0, Elevator call,295.7943357,0,1,2,0
319.0,Elev,1,  arrived at src, 0, Elevator call,309.3005383,0,-1,2,0
319.0,Elev,1,  arrived at src, 0, Elevator call,312.3018556,0,-1,2,0
319.0,Elev,1,  arrived at src, 0, Elevator call,316.0323783,0,-1,2,0
319.0, elevID,1,  pos,0,  cmd, goto,-1
320.0,Elevator call,319.905202,6,5,1,0, got allocated to elevator, 0
321.0,Elevator call,320.9760749,-1,0,1,0, got allocated to elevator, 0
322.0,Elevator call,321.370409,7,-1,1,1, got allocated to elevator, 1
330.0,Elev,1,  arrived at dest, -1, this call is done!, Elevator call,232.9504362,0,-1,3,0, Done, dt, 97.04956379999999
330.0,Elev,1,  arrived at dest, -1, this call is done!, Elevator call,309.3005383,0,-1,3,0, Done, dt, 20.699461699999972
330.0,Elev,1,  arrived at dest, -1, this call is done!, Elevator call,312.3018556,0,-1,3,0, Done, dt, 17.69814439999999
330.0,Elev,1,  arrived at dest, -1, this call is done!, Elevator call,316.0323783,0,-1,3,0, Done, dt, 13.967621699999995
330.0,Elev,1,  arrived at src, -1, Elevator call,320.9760749,-1,0,2,0
330.0, elevID,1,  pos,-1,  cmd, goto,-2
330.0,Elev,2,  arrived at dest, 0, this call is done!, Elevator call,304.9984388,6,0,3,1, Done, dt, 25.001561200000026
330.0, elevID,2,  pos,0,  cmd, goto,7
333.0,Elevator call,332.4267319,0,10,1,1, got allocated to elevator, 1
333.0, elevID,2,  pos,0,  cmd, stop,0
337.0,Elevator call,336.9304305,-1,0,1,0, got allocated to elevator, 0
340.0,Elev,2,  arrived at src, 0, Elevator call,332.4267319,0,10,2,1
340.0, elevID,2,  pos,0,  cmd, goto,7
341.0,Elev,1,  arrived at dest, -2, this call is done!, Elevator call,251.1044469,-1,-2,3,0, Done, dt, 89.8955531
341.0, elevID,1,  pos,-2,  cmd, goto,-1
352.0,Elev,1,  arrived at src, -1, Elevator call,336.9304305,-1,0,2,0
352.0, elevID,1,  pos,-1,  cmd, goto,0
354.0,Elev,2,  arrived at src, 7, Elevator call,321.370409,7,-1,2,1
354.0, elevID,2,  pos,7,  cmd, goto,10
363.0,Elev,1,  arrived at dest, 0, this call is done!, Elevator call,320.9760749,-1,0,3,0, Done, dt, 42.023925099999985
363.0,Elev,1,  arrived at dest, 0, this call is done!, Elevator call,336.9304305,-1,0,3,0, Done, dt, 26.0695695
363.0, elevID,1,  pos,0,  cmd, goto,1
366.0,Elev,2,  arrived at dest, 10, this call is done!, Elevator call,332.4267319,0,10,3,1, Done, dt, 33.57326810000001
366.0, elevID,2,  pos,10,  cmd, goto,-1
374.0,Elev,1,  arrived at dest, 1, this call is done!, Elevator call,295.7943357,0,1,3,0, Done, dt, 78.20566430000002
374.0, elevID,1,  pos,1,  cmd, goto,6
376.0,Elevator call,375.490481,1,0,1,0, got allocated to elevator, 0
376.0, elevID,1,  pos,1,  cmd, stop,1
382.0,Elev,2,  arrived at dest, -1, this call is done!, Elevator call,321.370409,7,-1,3,1, Done, dt, 60.629591000000005
384.0,Elev,1,  arrived at src, 1, Elevator call,375.490481,1,0,2,0
384.0, elevID,1,  pos,1,  cmd, goto,6
393.0,Elevator call,392.5160765,0,5,1,1, got allocated to elevator, 1
393.0, elevID,2,  pos,-1,  cmd, goto,0
399.0,Elev,1,  arrived at src, 6, Elevator call,319.905202,6,5,2,0
399.0, elevID,1,  pos,6,  cmd, goto,5
404.0,Elev,2,  arrived at src, 0, Elevator call,392.5160765,0,5,2,1
404.0, elevID,2,  pos,0,  cmd, goto,5
406.0,Elevator call,405.1821141,-1,10,1,1, got allocated to elevator, 1
410.0,Elev,1,  arrived at dest, 5, this call is done!, Elevator call,319.905202,6,5,3,0, Done, dt, 90.09479800000003
410.0, elevID,1,  pos,5,  cmd, goto,0
417.0,Elev,2,  arrived at dest, 5, this call is done!, Elevator call,392.5160765,0,5,3,1, Done, dt, 24.483923500000003
417.0, elevID,2,  pos,5,  cmd, goto,-1
425.0,Elev,1,  arrived at dest, 0, this call is done!, Elevator call,375.490481,1,0,3,0, Done, dt, 49.50951900000001
427.0,Elevator call,426.8615805,2,0,1,0, got allocated to elevator, 0
427.0, elevID,1,  pos,0,  cmd, goto,2
430.0,Elev,2,  arrived at src, -1, Elevator call,405.1821141,-1,10,2,1
430.0, elevID,2,  pos,-1,  cmd, goto,10
438.0,Elevator call,437.1711158,1,0,1,0, got allocated to elevator, 0
439.0,Elev,1,  arrived at src, 2, Elevator call,426.8615805,2,0,2,0
439.0, elevID,1,  pos,2,  cmd, goto,1
446.0,Elev,2,  arrived at dest, 10, this call is done!, Elevator call,405.1821141,-1,10,3,1, Done, dt, 40.81788590000002
450.0,Elev,1,  arrived at src, 1, Elevator call,437.1711158,1,0,2,0
450.0, elevID,1,  pos,1,  cmd, goto,0
461.0,Elev,1,  arrived at dest, 0, this call is done!, Elevator call,426.8615805,2,0,3,0, Done, dt, 34.1384195
461.0,Elev,1,  arrived at dest, 0, this call is done!, Elevator call,437.1711158,1,0,3,0, Done, dt, 23.828884200000005
473.0,Elevator call,472.7445474,10,-1,1,1, got allocated to elevator, 1
473.0,Elev,2,  arrived at src, 10, Elevator call,472.7445474,10,-1,2,1
473.0, elevID,2,  pos,10,  cmd, goto,-1
489.0,Elev,2,  arrived at dest, -1, this call is done!, Elevator call,472.7445474,10,-1,3,1, Done, dt, 16.255452600000012
501.0,Elevator call,500.3712045,8,-1,1,1, got allocated to elevator, 1
501.0, elevID,2,  pos,-1,  cmd, goto,8
504.0,Elevator call,503.1384784,1,-1,1,1, got allocated to elevator, 1
504.0, elevID,2,  pos,-1,  cmd, stop,1
505.0,Elevator call,504.4317942,0,-1,1,0, got allocated to elevator, 0
505.0,Elev,1,  arrived at src, 0, Elevator call,504.4317942,0,-1,2,0
505.0, elevID,1,  pos,0,  cmd, goto,-1
512.0,Elev,2,  arrived at src, 1, Elevator call,503.1384784,1,-1,2,1
512.0, elevID,2,  pos,1,  cmd, goto,8
516.0,Elev,1,  arrived at dest, -1, this call is done!, Elevator call,504.4317942,0,-1,3,0, Done, dt, 11.568205799999987
526.0,Elev,2,  arrived at src, 8, Elevator call,500.3712045,8,-1,2,1
526.0, elevID,2,  pos,8,  cmd, goto,-1
530.0,Elevator call,529.6277472,3,-1,1,1, got allocated to elevator, 1
, elevID,2,  pos,8,  cmd, stop,3
538.0,Elevator call,537.7866884,-1,6,1,1, got allocated to elevator, 1
539.0,Elev,2,  arrived at src, 3, Elevator call,529.6277472,3,-1,2,1
539.0, elevID,2,  pos,3,  cmd, goto,-1
545.0,Elevator call,544.7880392,6,-1,1,1, got allocated to elevator, 1
551.0,Elev,2,  arrived at dest, -1, this call is done!, Elevator call,500.3712045,8,-1,3,1, Done, dt, 50.628795500000024
551.0,Elev,2,  arrived at dest, -1, this call is done!, Elevator call,503.1384784,1,-1,3,1, Done, dt, 47.8615216
551.0,Elev,2,  arrived at dest, -1, this call is done!, Elevator call,529.6277472,3,-1,3,1, Done, dt, 21.372252799999956
551.0,Elev,2,  arrived at src, -1, Elevator call,537.7866884,-1,6,2,1
551.0, elevID,2,  pos,-1,  cmd, goto,6
555.0,Elevator call,554.0892923,4,0,1,1, got allocated to elevator, 1
555.0, elevID,2,  pos,-1,  cmd, stop,4
558.0,Elevator call,557.244139,10,0,1,1, got allocated to elevator, 1
564.0,Elev,2,  arrived at src, 4, Elevator call,554.0892923,4,0,2,1
564.0, elevID,2,  pos,4,  cmd, goto,6
566.0,Elevator call,565.0195522,0,-1,1,0, got allocated to elevator, 0
566.0, elevID,1,  pos,-1,  cmd, goto,0
575.0,Elev,2,  arrived at dest, 6, this call is done!, Elevator call,537.7866884,-1,6,3,1, Done, dt, 37.2133116
575.0,Elev,2,  arrived at src, 6, Elevator call,544.7880392,6,-1,2,1
575.0, elevID,2,  pos,6,  cmd, goto,10
577.0,Elev,1,  arrived at src, 0, Elevator call,565.0195522,0,-1,2,0
577.0, elevID,1,  pos,0,  cmd, goto,-1
582.0,Elevator call,581.870309,0,3,1,1, got allocated to elevator, 1
587.0,Elev,2,  arrived at src, 10, Elevator call,557.244139,10,0,2,1
587.0, elevID,2,  pos,10,  cmd, goto,0
588.0,Elev,1,  arrived at dest, -1, this call is done!, Elevator call,565.0195522,0,-1,3,0, Done, dt, 22.98044779999998
597.0,Elevator call,596.1232023,8,0,1,1, got allocated to elevator, 1
601.0,Elevator call,600.931288,1,0,1,0, got allocated to elevator, 0
601.0, elevID,1,  pos,-1,  cmd, goto,1
602.0,Elev,2,  arrived at dest, 0, this call is done!, Elevator call,554.0892923,4,0,3,1, Done, dt, 47.91070769999999
602.0,Elev,2,  arrived at dest, 0, this call is done!, Elevator call,557.244139,10,0,3,1, Done, dt, 44.75586099999998
602.0,Elev,2,  arrived at src, 0, Elevator call,581.870309,0,3,2,1
602.0, elevID,2,  pos,0,  cmd, goto,-1
604.0,Elevator call,603.9342327,7,0,1,1, got allocated to elevator, 1
613.0,Elev,1,  arrived at src, 1, Elevator call,600.931288,1,0,2,0
613.0, elevID,1,  pos,1,  cmd, goto,0
613.0,Elev,2,  arrived at dest, -1, this call is done!, Elevator call,544.7880392,6,-1,3,1, Done, dt, 68.21196080000004
613.0, elevID,2,  pos,-1,  cmd, goto,3
618.0,Elevator call,617.9628339,0,3,1,1, got allocated to elevator, 1
618.0, elevID,2,  pos,-1,  cmd, stop,0
620.0,Elevator call,619.6454197,9,0,1,1, got allocated to elevator, 1
624.0,Elev,1,  arrived at dest, 0, this call is done!, Elevator call,600.931288,1,0,3,0, Done, dt, 23.068712000000005
624.0,Elev,2,  arrived at src, 0, Elevator call,617.9628339,0,3,2,1
624.0, elevID,2,  pos,0,  cmd, goto,3
627.0,Elevator call,626.2116172,0,1,1,0, got allocated to elevator, 0
627.0,Elev,1,  arrived at src, 0, Elevator call,626.2116172,0,1,2,0
627.0, elevID,1,  pos,0,  cmd, goto,1
636.0,Elev,2,  arrived at dest, 3, this call is done!, Elevator call,581.870309,0,3,3,1, Done, dt, 54.12969099999998
636.0,Elev,2,  arrived at dest, 3, this call is done!, Elevator call,617.9628339,0,3,3,1, Done, dt, 18.037166100000036
636.0, elevID,2,  pos,3,  cmd, goto,7
638.0,Elev,1,  arrived at dest, 1, this call is done!, Elevator call,626.2116172,0,1,3,0, Done, dt, 11.788382800000022
644.0,Elevator call,643.8547515,-1,2,1,1, got allocated to elevator, 1
648.0,Elev,2,  arrived at src, 7, Elevator call,603.9342327,7,0,2,1
648.0, elevID,2,  pos,7,  cmd, goto,8
659.0,Elev,2,  arrived at src, 8, Elevator call,596.1232023,8,0,2,1
659.0, elevID,2,  pos,8,  cmd, goto,9
661.0,Elevator call,660.0732908,6,10,1,1, got allocated to elevator, 1
662.0,Elevator call,661.042082,-1,3,1,1, got allocated to elevator, 1
663.0,Elevator call,662.1730528,-1,5,1,1, got allocated to elevator, 1
666.0,Elevator call,665.1155549,-1,8,1,1, got allocated to elevator, 1
667.0,Elevator call,666.0340295,4,0,1,1, got allocated to elevator, 1
667.0,Elevator call,666.2411587,5,-1,1,1, got allocated to elevator, 1
670.0,Elev,2,  arrived at src, 9, Elevator call,619.6454197,9,0,2,1
670.0, elevID,2,  pos,9,  cmd, goto,6
673.0,Elevator call,672.6773142,0,-1,1,0, got allocated to elevator, 0
673.0, elevID,1,  pos,1,  cmd, goto,0
678.0,Elevator call,677.7341948,0,-1,1,0, got allocated to elevator, 0
679.0,Elevator call,678.9953585,-1,-2,1,0, got allocated to elevator, 0
682.0,Elev,2,  arrived at src, 6, Elevator call,660.0732908,6,10,2,1
682.0, elevID,2,  pos,6,  cmd, goto,5
684.0,Elev,1,  arrived at src, 0, Elevator call,672.6773142,0,-1,2,0
684.0,Elev,1,  arrived at src, 0, Elevator call,677.7341948,0,-1,2,0
684.0, elevID,1,  pos,0,  cmd, goto,-1
693.0,Elev,2,  arrived at src, 5, Elevator call,666.2411587,5,-1,2,1
693.0, elevID,2,  pos,5,  cmd, goto,4
695.0,Elev,1,  arrived at dest, -1, this call is done!, Elevator call,672.6773142,0,-1,3,0, Done, dt, 22.322685800000045
695.0,Elev,1,  arrived at dest, -1, this call is done!, Elevator call,677.7341948,0,-1,3,0, Done, dt, 17.265805200000045
695.0,Elev,1,  arrived at src, -1, Elevator call,678.9953585,-1,-2,2,0
695.0, elevID,1,  pos,-1,  cmd, goto,-2
696.0,Elevator call,695.2239882,0,10,1,1, got allocated to elevator, 1
704.0,Elev,2,  arrived at src, 4, Elevator call,666.0340295,4,0,2,1
704.0, elevID,2,  pos,4,  cmd, goto,0
706.0,Elev,1,  arrived at dest, -2, this call is done!, Elevator call,678.9953585,-1,-2,3,0, Done, dt, 27.004641500000048
707.0,Elevator call,706.1583475,-1,-2,1,0, got allocated to elevator, 0
707.0, elevID,1,  pos,-2,  cmd, goto,-1
711.0,Elevator call,710.324977,0,1,1,0, got allocated to elevator, 0
714.0,Elevator call,713.0191971,1,0,1,0, got allocated to elevator, 0
714.0,Elevator call,713.2499766,10,-1,1,1, got allocated to elevator, 1
716.0,Elev,2,  arrived at dest, 0, this call is done!, Elevator call,596.1232023,8,0,3,1, Done, dt, 119.8767977
716.0,Elev,2,  arrived at dest, 0, this call is done!, Elevator call,603.9342327,7,0,3,1, Done, dt, 112.06576729999995
716.0,Elev,2,  arrived at dest, 0, this call is done!, Elevator call,619.6454197,9,0,3,1, Done, dt, 96.35458029999995
716.0,Elev,2,  arrived at dest, 0, this call is done!, Elevator call,666.0340295,4,0,3,1, Done, dt, 49.965970500000026
716.0,Elev,2,  arrived at src, 0, Elevator call,695.2239882,0,10,2,1
716.0, elevID,2,  pos,0,  cmd, goto,-1
718.0,Elev,1,  arrived at src, -1, Elevator call,706.1583475,-1,-2,2,0
718.0, elevID,1,  pos,-1,  cmd, goto,0
723.0,Elevator call,722.6161213,10,0,1,1, got allocated to elevator, 1
727.0,Elev,2,  arrived at src, -1, Elevator call,643.8547515,-1,2,2,1
727.0,Elev,2,  arrived at src, -1, Elevator call,661.042082,-1,3,2,1
727.0,Elev,2,  arrived at src, -1, Elevator call,662.1730528,-1,5,2,1
727.0,Elev,2,  arrived at src, -1, Elevator call,665.1155549,-1,8,2,1
727.0,Elev,2,  arrived at dest, -1, this call is done!, Elevator call,666.2411587,5,-1,3,1, Done, dt, 60.75884129999997
727.0, elevID,2,  pos,-1,  cmd, goto,2
728.0,Elevator call,727.5146029,-1,0,1,0, got allocated to elevator, 0
729.0,Elev,1,  arrived at src, 0, Elevator call,710.324977,0,1,2,0
729.0, elevID,1,  pos,0,  cmd, goto,1
733.0,Elevator call,732.9746341,6,-1,1,1, got allocated to elevator, 1
738.0,Elevator call,737.3147202,1,0,1,0, got allocated to elevator, 0
739.0,Elev,2,  arrived at dest, 2, this call is done!, Elevator call,643.8547515,-1,2,3,1, Done, dt, 95.14524849999998
739.0, elevID,2,  pos,2,  cmd, goto,3
740.0,Elev,1,  arrived at dest, 1, this call is done!, Elevator call,710.324977,0,1,3,0, Done, dt, 29.67502300000001
740.0,Elev,1,  arrived at src, 1, Elevator call,713.0191971,1,0,2,0
740.0,Elev,1,  arrived at src, 1, Elevator call,737.3147202,1,0,2,0
740.0, elevID,1,  pos,1,  cmd, goto,0
750.0,Elev,2,  arrived at dest, 3, this call is done!, Elevator call,661.042082,-1,3,3,1, Done, dt, 88.95791799999995
750.0, elevID,2,  pos,3,  cmd, goto,5
751.0,Elev,1,  arrived at dest, 0, this call is done!, Elevator call,713.0191971,1,0,3,0, Done, dt, 37.98080289999996
751.0,Elev,1,  arrived at dest, 0, this call is done!, Elevator call,737.3147202,1,0,3,0, Done, dt, 13.68527979999999
751.0, elevID,1,  pos,0,  cmd, goto,-1
761.0,Elev,2,  arrived at dest, 5, this call is done!, Elevator call,662.1730528,-1,5,3,1, Done, dt, 98.82694719999995
761.0, elevID,2,  pos,5,  cmd, goto,6
762.0,Elev,1,  arrived at src, -1, Elevator call,727.5146029,-1,0,2,0
762.0, elevID,1,  pos,-1,  cmd, goto,-2
772.0,Elev,2,  arrived at src, 6, Elevator call,732.9746341,6,-1,2,1
772.0, elevID,2,  pos,6,  cmd, goto,8
773.0,Elev,1,  arrived at dest, -2, this call is done!, Elevator call,706.1583475,-1,-2,3,0, Done, dt, 66.84165250000001
773.0, elevID,1,  pos,-2,  cmd, goto,0
780.0,Elevator call,779.3996914,-1,5,1,1, got allocated to elevator, 1
783.0,Elev,2,  arrived at dest, 8, this call is done!, Elevator call,665.1155549,-1,8,3,1, Done, dt, 117.8844451
783.0, elevID,2,  pos,8,  cmd, goto,10
785.0,Elev,1,  arrived at dest, 0, this call is done!, Elevator call,727.5146029,-1,0,3,0, Done, dt, 57.4853971
794.0,Elev,2,  arrived at dest, 10, this call is done!, Elevator call,660.0732908,6,10,3,1, Done, dt, 133.9267092
794.0,Elev,2,  arrived at dest, 10, this call is done!, Elevator call,695.2239882,0,10,3,1, Done, dt, 98.77601179999999
794.0,Elev,2,  arrived at src, 10, Elevator call,713.2499766,10,-1,2,1
794.0,Elev,2,  arrived at src, 10, Elevator call,722.6161213,10,0,2,1
794.0, elevID,2,  pos,10,  cmd, goto,0
806.0,Elevator call,805.6754743,-1,-2,1,0, got allocated to elevator, 0
806.0, elevID,1,  pos,0,  cmd, goto,-1
809.0,Elev,2,  arrived at dest, 0, this call is done!, Elevator call,722.6161213,10,0,3,1, Done, dt, 86.38387869999997
809.0, elevID,2,  pos,0,  cmd, goto,-1
811.0,Elevator call,810.4469089,2,0,1,0, got allocated to elevator, 0
817.0,Elevator call,816.1516998,7,-1,1,1, got allocated to elevator, 1
817.0,Elev,1,  arrived at src, -1, Elevator call,805.6754743,-1,-2,2,0
817.0, elevID,1,  pos,-1,  cmd, goto,-2
820.0,Elev,2,  arrived at dest, -1, this call is done!, Elevator call,713.2499766,10,-1,3,1, Done, dt, 106.75002340000003
820.0,Elev,2,  arrived at dest, -1, this call is done!, Elevator call,732.9746341,6,-1,3,1, Done, dt, 87.0253659
820.0,Elev,2,  arrived at src, -1, Elevator call,779.3996914,-1,5,2,1
820.0, elevID,2,  pos,-1,  cmd, goto,5
826.0,Elevator call,825.4575185,7,0,1,1, got allocated to elevator, 1
828.0,Elev,1,  arrived at dest, -2, this call is done!, Elevator call,805.6754743,-1,-2,3,0, Done, dt, 22.32452569999998
828.0, elevID,1,  pos,-2,  cmd, goto,2
833.0,Elev,2,  arrived at dest, 5, this call is done!, Elevator call,779.3996914,-1,5,3,1, Done, dt, 53.60030859999995
833.0, elevID,2,  pos,5,  cmd, goto,7
840.0,Elevator call,839.8525653,0,1,1,0, got allocated to elevator, 0
842.0,Elev,1,  arrived at src, 2, Elevator call,810.4469089,2,0,2,0
842.0, elevID,1,  pos,2,  cmd, goto,0
844.0,Elev,2,  arrived at src, 7, Elevator call,816.1516998,7,-1,2,1
844.0,Elev,2,  arrived at src, 7, Elevator call,825.4575185,7,0,2,1
844.0, elevID,2,  pos,7,  cmd, goto,0
854.0,Elev,1,  arrived at dest, 0, this call is done!, Elevator call,810.4469089,2,0,3,0, Done, dt, 43.55309109999996
854.0,Elev,1,  arrived at src, 0, Elevator call,839.8525653,0,1,2,0
854.0, elevID,1,  pos,0,  cmd, goto,1
855.0,Elevator call,854.2002278,6,-1,1,1, got allocated to elevator, 1
858.0,Elev,2,  arrived at dest, 0, this call is done!, Elevator call,825.4575185,7,0,3,1, Done, dt, 32.54248150000001
858.0, elevID,2,  pos,0,  cmd, goto,-1
864.0,Elevator call,863.8932913,0,-1,1,0, got allocated to elevator, 0
865.0,Elev,1,  arrived at dest, 1, this call is done!, Elevator call,839.8525653,0,1,3,0, Done, dt, 25.147434699999963
865.0, elevID,1,  pos,1,  cmd, goto,0
869.0,Elev,2,  arrived at dest, -1, this call is done!, Elevator call,816.1516998,7,-1,3,1, Done, dt, 52.84830020000004
869.0, elevID,2,  pos,-1,  cmd, goto,6
871.0,Elevator call,870.5053024,0,7,1,1, got allocated to elevator, 1
871.0, elevID,2,  pos,-1,  cmd, stop,0
876.0,Elev,1,  arrived at src, 0, Elevator call,863.8932913,0,-1,2,0
876.0, elevID,1,  pos,0,  cmd, goto,-1
880.0,Elev,2,  arrived at src, 0, Elevator call,870.5053024,0,7,2,1
880.0, elevID,2,  pos,0,  cmd, goto,6
887.0,Elevator call,886.5649993,-1,-2,1,0, got allocated to elevator, 0
887.0,Elev,1,  arrived at dest, -1, this call is done!, Elevator call,863.8932913,0,-1,3,0, Done, dt, 23.106708700000013
887.0,Elev,1,  arrived at src, -1, Elevator call,886.5649993,-1,-2,2,0
887.0, elevID,1,  pos,-1,  cmd, goto,-2
893.0,Elevator call,892.5212151,9,-1,1,1, got allocated to elevator, 1
893.0,Elev,2,  arrived at src, 6, Elevator call,854.2002278,6,-1,2,1
893.0, elevID,2,  pos,6,  cmd, goto,7
898.0,Elev,1,  arrived at dest, -2, this call is done!, Elevator call,886.5649993,-1,-2,3,0, Done, dt, 11.435000700000046
904.0,Elev,2,  arrived at dest, 7, this call is done!, Elevator call,870.5053024,0,7,3,1, Done, dt, 33.494697599999995
904.0, elevID,2,  pos,7,  cmd, goto,9
911.0,Elevator call,910.5388559,6,5,1,0, got allocated to elevator, 0
911.0, elevID,1,  pos,-2,  cmd, goto,6
915.0,Elev,2,  arrived at src, 9, Elevator call,892.5212151,9,-1,2,1
915.0, elevID,2,  pos,9,  cmd, goto,-1
916.0,Elevator call,915.9490575,4,-1,1,1, got allocated to elevator, 1
, elevID,2,  pos,9,  cmd, stop,4
928.0,Elev,2,  arrived at src, 4, Elevator call,915.9490575,4,-1,2,1
928.0, elevID,2,  pos,4,  cmd, goto,-1
929.0,Elev,1,  arrived at src, 6, Elevator call,910.5388559,6,5,2,0
929.0, elevID,1,  pos,6,  cmd, goto,5
934.0,Elevator call,933.8580452,7,5,1,0, got allocated to elevator, 0
940.0,Elev,1,  arrived at dest, 5, this call is done!, Elevator call,910.5388559,6,5,3,0, Done, dt, 29.461144099999956
940.0, elevID,1,  pos,5,  cmd, goto,7
941.0,Elev,2,  arrived at dest, -1, this call is done!, Elevator call,854.2002278,6,-1,3,1, Done, dt, 86.7997722
941.0,Elev,2,  arrived at dest, -1, this call is done!, Elevator call,892.5212151,9,-1,3,1, Done, dt, 48.47878490000005
941.0,Elev,2,  arrived at dest, -1, this call is done!, Elevator call,915.9490575,4,-1,3,1, Done, dt, 25.05094250000002
952.0,Elev,1,  arrived at src, 7, Elevator call,933.8580452,7,5,2,0
952.0, elevID,1,  pos,7,  cmd, goto,5
962.0,Elevator call,961.6862856,6,-1,1,1, got allocated to elevator, 1
962.0, elevID,2,  pos,-1,  cmd, goto,6
964.0,Elev,1,  arrived at dest, 5, this call is done!, Elevator call,933.8580452,7,5,3,0, Done, dt, 30.141954800000008
973.0,Elevator call,972.8032126,1,0,1,0, got allocated to elevator, 0
973.0, elevID,1,  pos,5,  cmd, goto,1
976.0,Elevator call,975.8361203,0,-1,1,0, got allocated to elevator, 0
976.0,Elev,2,  arrived at src, 6, Elevator call,961.6862856,6,-1,2,1
976.0, elevID,2,  pos,6,  cmd, goto,-1
979.0,Elevator call,978.5925149,10,0,1,1, got allocated to elevator, 1
979.0,Elevator call,978.6210501,10,-1,1,1, got allocated to elevator, 1
985.0,Elevator call,984.1840186,7,0,1,1, got allocated to elevator, 1
987.0,Elev,1,  arrived at src, 1, Elevator call,972.8032126,1,0,2,0
987.0, elevID,1,  pos,1,  cmd, goto,0
990.0,Elev,2,  arrived at dest, -1, this call is done!, Elevator call,961.6862856,6,-1,3,1, Done, dt, 28.31371439999998
990.0, elevID,2,  pos,-1,  cmd, goto,7
998.0,Elev,1,  arrived at dest, 0, this call is done!, Elevator call,972.8032126,1,0,3,0, Done, dt, 25.19678739999995
998.0,Elev,1,  arrived at src, 0, Elevator call,975.8361203,0,-1,2,0
998.0, elevID,1,  pos,0,  cmd, goto,-1
1004.0,Elev,2,  arrived at src, 7, Elevator call,984.1840186,7,0,2,1
1004.0, elevID,2,  pos,7,  cmd, goto,10
1009.0,Elev,1,  arrived at dest, -1, this call is done!, Elevator call,975.8361203,0,-1,3,0, Done, dt, 33.16387970000005
1016.0,Elev,2,  arrived at src, 10, Elevator call,978.5925149,10,0,2,1
1016.0,Elev,2,  arrived at src, 10, Elevator call,978.6210501,10,-1,2,1
1016.0, elevID,2,  pos,10,  cmd, goto,0
1031.0,Elev,2,  arrived at dest, 0, this call is done!, Elevator call,978.5925149,10,0,3,1, Done, dt, 52.40748510000003
1031.0,Elev,2,  arrived at dest, 0, this call is done!, Elevator call,984.1840186,7,0,3,1, Done, dt, 46.815981400000055
1031.0, elevID,2,  pos,0,  cmd, goto,-1
1042.0,Elev,2,  arrived at dest, -1, this call is done!, Elevator call,978.6210501,10,-1,3,1, Done, dt, 63.37894989999995
1043.0,************* Simulation Ended ************
Code Owners,206770414,322782376,  Building_file,B2.json,  Calls,outputB2a.csv
Total waiting time: 4804.0,  average waiting time per call: 48.04,  unCompleted calls,0,  certificate, -245337582
