Ex1 (OOP) Simulator log: stage B4.json,  outputB4a.csv
0.0,OOP_Ex1_Elevator_Simulator
0.0,Simulated Building, Building [-10,100]
0) ex1.Elevator_A, Elev_, id,5,  speed, 1.0, open: 2.0,  start: 3.0, close: 2.0,  stop: 3.0
1) ex1.Elevator_A, Elev_, id,6,  speed, 2.0, open: 2.0,  start: 3.0, close: 2.0,  stop: 3.0
2) ex1.Elevator_A, Elev_, id,7,  speed, 8.0, open: 1.25,  start: 1.875, close: 1.25,  stop: 1.875
3) ex1.Elevator_A, Elev_, id,8,  speed, 6.0, open: 1.6666666666666667,  start: 2.5, close: 1.6666666666666667,  stop: 2.5
4) ex1.Elevator_A, Elev_, id,9,  speed, 2.0, open: 2.0,  start: 3.0, close: 2.0,  stop: 3.0

0.0,Simulated Period starTime,0.0,  endTime,1104.1840186,  dt,1.0
0.0,Simulated  calls,Elevator log, size: 100
0.0,**** Simulation starts!! ****
5.0,Elevator call,4.37472729,0,-1,1,0, got allocated to elevator, 0
5.0,Elev,5,  arrived at src, 0, Elevator call,4.37472729,0,-1,2,0
5.0, elevID,5,  pos,0,  cmd, goto,-1
16.0,Elev,5,  arrived at dest, -1, this call is done!, Elevator call,4.37472729,0,-1,3,0, Done, dt, 11.62527271
17.0,Elevator call,16.95788289,-1,0,1,1, got allocated to elevator, 1
17.0, elevID,6,  pos,0,  cmd, goto,-1
23.0,Elevator call,22.0940563,0,-1,1,1, got allocated to elevator, 1
28.0,Elev,6,  arrived at src, -1, Elevator call,16.95788289,-1,0,2,1
28.0, elevID,6,  pos,-1,  cmd, goto,0
39.0,Elev,6,  arrived at dest, 0, this call is done!, Elevator call,16.95788289,-1,0,3,1, Done, dt, 22.04211711
39.0,Elev,6,  arrived at src, 0, Elevator call,22.0940563,0,-1,2,1
39.0, elevID,6,  pos,0,  cmd, goto,-1
50.0,Elev,6,  arrived at dest, -1, this call is done!, Elevator call,22.0940563,0,-1,3,1, Done, dt, 27.9059437
86.0,Elevator call,85.52096662,3,2,1,1, got allocated to elevator, 1
86.0, elevID,6,  pos,-1,  cmd, goto,3
92.0,Elevator call,91.21019413,-1,-2,1,1, got allocated to elevator, 1
98.0,Elev,6,  arrived at src, 3, Elevator call,85.52096662,3,2,2,1
98.0, elevID,6,  pos,3,  cmd, goto,2
105.0,Elevator call,104.1370124,0,4,1,2, got allocated to elevator, 2
105.0,Elev,7,  arrived at src, 0, Elevator call,104.1370124,0,4,2,2
105.0, elevID,7,  pos,0,  cmd, goto,4
109.0,Elev,6,  arrived at dest, 2, this call is done!, Elevator call,85.52096662,3,2,3,1, Done, dt, 23.479033380000004
109.0, elevID,6,  pos,2,  cmd, goto,-1
110.0,Elevator call,109.2135291,-1,0,1,1, got allocated to elevator, 1
112.0,Elev,7,  arrived at dest, 4, this call is done!, Elevator call,104.1370124,0,4,3,2, Done, dt, 7.862987599999997
115.0,Elevator call,114.392351,3,0,1,2, got allocated to elevator, 2
115.0, elevID,7,  pos,4,  cmd, goto,3
121.0,Elev,6,  arrived at src, -1, Elevator call,91.21019413,-1,-2,2,1
121.0,Elev,6,  arrived at src, -1, Elevator call,109.2135291,-1,0,2,1
121.0, elevID,6,  pos,-1,  cmd, goto,-2
122.0,Elev,7,  arrived at src, 3, Elevator call,114.392351,3,0,2,2
122.0, elevID,7,  pos,3,  cmd, goto,0
125.0,Elevator call,124.425571,0,9,1,4, got allocated to elevator, 4
125.0,Elev,9,  arrived at src, 0, Elevator call,124.425571,0,9,2,4
125.0, elevID,9,  pos,0,  cmd, goto,9
129.0,Elev,7,  arrived at dest, 0, this call is done!, Elevator call,114.392351,3,0,3,2, Done, dt, 14.607648999999995
131.0,Elevator call,130.0249568,8,10,1,2, got allocated to elevator, 2
131.0,Elevator call,130.2249113,-1,1,1,2, got allocated to elevator, 2
131.0, elevID,7,  pos,0,  cmd, goto,-1
132.0,Elev,6,  arrived at dest, -2, this call is done!, Elevator call,91.21019413,-1,-2,3,1, Done, dt, 40.789805869999995
132.0, elevID,6,  pos,-2,  cmd, goto,0
138.0,Elevator call,137.9515274,0,4,1,3, got allocated to elevator, 3
138.0,Elev,7,  arrived at src, -1, Elevator call,130.2249113,-1,1,2,2
138.0, elevID,7,  pos,-1,  cmd, goto,1
138.0,Elev,8,  arrived at src, 0, Elevator call,137.9515274,0,4,2,3
138.0, elevID,8,  pos,0,  cmd, goto,4
140.0,Elev,9,  arrived at dest, 9, this call is done!, Elevator call,124.425571,0,9,3,4, Done, dt, 15.574428999999995
143.0,Elev,6,  arrived at dest, 0, this call is done!, Elevator call,109.2135291,-1,0,3,1, Done, dt, 33.7864709
144.0,Elevator call,143.9133584,0,6,1,3, got allocated to elevator, 3
145.0,Elev,7,  arrived at dest, 1, this call is done!, Elevator call,130.2249113,-1,1,3,2, Done, dt, 14.775088699999998
145.0, elevID,7,  pos,1,  cmd, goto,8
147.0,Elev,8,  arrived at dest, 4, this call is done!, Elevator call,137.9515274,0,4,3,3, Done, dt, 9.048472599999997
147.0, elevID,8,  pos,4,  cmd, goto,0
153.0,Elev,7,  arrived at src, 8, Elevator call,130.0249568,8,10,2,2
153.0, elevID,7,  pos,8,  cmd, goto,10
156.0,Elev,8,  arrived at src, 0, Elevator call,143.9133584,0,6,2,3
156.0, elevID,8,  pos,0,  cmd, goto,6
160.0,Elev,7,  arrived at dest, 10, this call is done!, Elevator call,130.0249568,8,10,3,2, Done, dt, 29.975043199999988
166.0,Elev,8,  arrived at dest, 6, this call is done!, Elevator call,143.9133584,0,6,3,3, Done, dt, 22.086641600000007
170.0,Elevator call,169.7845834,-1,0,1,1, got allocated to elevator, 1
170.0, elevID,6,  pos,0,  cmd, goto,-1
171.0,Elevator call,170.0099621,0,6,1,3, got allocated to elevator, 3
171.0, elevID,8,  pos,6,  cmd, goto,0
172.0,Elevator call,171.2117332,-1,8,1,4, got allocated to elevator, 4
172.0, elevID,9,  pos,9,  cmd, goto,-1
175.0,Elevator call,174.8438515,0,-1,1,1, got allocated to elevator, 1
, elevID,6,  pos,0,  cmd, stop,0
180.0,Elev,6,  arrived at src, 0, Elevator call,174.8438515,0,-1,2,1
180.0, elevID,6,  pos,0,  cmd, goto,-1
181.0,Elev,8,  arrived at src, 0, Elevator call,170.0099621,0,6,2,3
181.0, elevID,8,  pos,0,  cmd, goto,6
187.0,Elev,9,  arrived at src, -1, Elevator call,171.2117332,-1,8,2,4
187.0, elevID,9,  pos,-1,  cmd, goto,8
188.0,Elevator call,187.1167862,-1,-2,1,2, got allocated to elevator, 2
188.0,Elevator call,187.7299318,-1,-2,1,1, got allocated to elevator, 1
188.0, elevID,7,  pos,10,  cmd, goto,-1
191.0,Elev,6,  arrived at src, -1, Elevator call,169.7845834,-1,0,2,1
191.0,Elev,6,  arrived at dest, -1, this call is done!, Elevator call,174.8438515,0,-1,3,1, Done, dt, 16.1561485
191.0,Elev,6,  arrived at src, -1, Elevator call,187.7299318,-1,-2,2,1
191.0, elevID,6,  pos,-1,  cmd, goto,-2
191.0,Elev,8,  arrived at dest, 6, this call is done!, Elevator call,170.0099621,0,6,3,3, Done, dt, 20.990037900000004
196.0,Elevator call,195.9086965,0,7,1,4, got allocated to elevator, 4
196.0,Elev,7,  arrived at src, -1, Elevator call,187.1167862,-1,-2,2,2
196.0, elevID,7,  pos,-1,  cmd, goto,-2
198.0,Elevator call,197.5359191,-1,1,1,2, got allocated to elevator, 2
, elevID,7,  pos,-1,  cmd, stop,-1
202.0,Elev,6,  arrived at dest, -2, this call is done!, Elevator call,187.7299318,-1,-2,3,1, Done, dt, 14.270068199999997
202.0, elevID,6,  pos,-2,  cmd, goto,0
202.0,Elev,9,  arrived at dest, 8, this call is done!, Elevator call,171.2117332,-1,8,3,4, Done, dt, 30.788266800000002
202.0, elevID,9,  pos,8,  cmd, goto,0
203.0,Elev,7,  arrived at src, -1, Elevator call,197.5359191,-1,1,2,2
203.0, elevID,7,  pos,-1,  cmd, goto,-2
206.0,Elevator call,205.9895199,-1,0,1,2, got allocated to elevator, 2
, elevID,7,  pos,-1,  cmd, stop,-1
210.0,Elev,7,  arrived at src, -1, Elevator call,205.9895199,-1,0,2,2
210.0, elevID,7,  pos,-1,  cmd, goto,-2
213.0,Elev,6,  arrived at dest, 0, this call is done!, Elevator call,169.7845834,-1,0,3,1, Done, dt, 43.2154166
216.0,Elev,9,  arrived at src, 0, Elevator call,195.9086965,0,7,2,4
216.0, elevID,9,  pos,0,  cmd, goto,7
217.0,Elev,7,  arrived at dest, -2, this call is done!, Elevator call,187.1167862,-1,-2,3,2, Done, dt, 29.883213799999993
217.0, elevID,7,  pos,-2,  cmd, goto,0
224.0,Elev,7,  arrived at dest, 0, this call is done!, Elevator call,205.9895199,-1,0,3,2, Done, dt, 18.010480099999995
224.0, elevID,7,  pos,0,  cmd, goto,1
228.0,Elevator call,227.0798305,-1,5,1,3, got allocated to elevator, 3
228.0, elevID,8,  pos,6,  cmd, goto,-1
230.0,Elev,9,  arrived at dest, 7, this call is done!, Elevator call,195.9086965,0,7,3,4, Done, dt, 34.09130350000001
231.0,Elev,7,  arrived at dest, 1, this call is done!, Elevator call,197.5359191,-1,1,3,2, Done, dt, 33.4640809
232.0,Elevator call,231.5157882,-1,0,1,2, got allocated to elevator, 2
232.0, elevID,7,  pos,1,  cmd, goto,-1
233.0,Elevator call,232.9504362,0,-1,1,2, got allocated to elevator, 2
, elevID,7,  pos,1,  cmd, stop,0
238.0,Elev,8,  arrived at src, -1, Elevator call,227.0798305,-1,5,2,3
238.0, elevID,8,  pos,-1,  cmd, goto,5
239.0,Elev,7,  arrived at src, 0, Elevator call,232.9504362,0,-1,2,2
239.0, elevID,7,  pos,0,  cmd, goto,-1
246.0,Elev,7,  arrived at src, -1, Elevator call,231.5157882,-1,0,2,2
246.0,Elev,7,  arrived at dest, -1, this call is done!, Elevator call,232.9504362,0,-1,3,2, Done, dt, 13.049563799999987
246.0, elevID,7,  pos,-1,  cmd, goto,0
248.0,Elev,8,  arrived at dest, 5, this call is done!, Elevator call,227.0798305,-1,5,3,3, Done, dt, 20.920169499999986
252.0,Elevator call,251.1044469,-1,-2,1,1, got allocated to elevator, 1
252.0,Elevator call,251.2359335,0,9,1,4, got allocated to elevator, 4
252.0, elevID,6,  pos,0,  cmd, goto,-1
252.0, elevID,9,  pos,7,  cmd, goto,0
253.0,Elev,7,  arrived at dest, 0, this call is done!, Elevator call,231.5157882,-1,0,3,2, Done, dt, 21.484211799999997
255.0,Elevator call,254.6977153,3,4,1,1, got allocated to elevator, 1
258.0,Elevator call,257.7974435,-1,0,1,0, got allocated to elevator, 0
258.0,Elev,5,  arrived at src, -1, Elevator call,257.7974435,-1,0,2,0
258.0, elevID,5,  pos,-1,  cmd, goto,0
263.0,Elev,6,  arrived at src, -1, Elevator call,251.1044469,-1,-2,2,1
263.0, elevID,6,  pos,-1,  cmd, goto,-2
266.0,Elev,9,  arrived at src, 0, Elevator call,251.2359335,0,9,2,4
266.0, elevID,9,  pos,0,  cmd, goto,9
269.0,Elev,5,  arrived at dest, 0, this call is done!, Elevator call,257.7974435,-1,0,3,0, Done, dt, 11.202556500000014
274.0,Elev,6,  arrived at dest, -2, this call is done!, Elevator call,251.1044469,-1,-2,3,1, Done, dt, 22.8955531
274.0, elevID,6,  pos,-2,  cmd, goto,3
281.0,Elev,9,  arrived at dest, 9, this call is done!, Elevator call,251.2359335,0,9,3,4, Done, dt, 29.764066500000013
287.0,Elev,6,  arrived at src, 3, Elevator call,254.6977153,3,4,2,1
287.0, elevID,6,  pos,3,  cmd, goto,4
296.0,Elevator call,295.7943357,0,1,1,0, got allocated to elevator, 0
296.0,Elev,5,  arrived at src, 0, Elevator call,295.7943357,0,1,2,0
296.0, elevID,5,  pos,0,  cmd, goto,1
298.0,Elev,6,  arrived at dest, 4, this call is done!, Elevator call,254.6977153,3,4,3,1, Done, dt, 43.3022847
305.0,Elevator call,304.9984388,6,0,1,3, got allocated to elevator, 3
305.0, elevID,8,  pos,5,  cmd, goto,6
307.0,Elev,5,  arrived at dest, 1, this call is done!, Elevator call,295.7943357,0,1,3,0, Done, dt, 11.205664300000024
310.0,Elevator call,309.3005383,0,-1,1,0, got allocated to elevator, 0
310.0, elevID,5,  pos,1,  cmd, goto,0
313.0,Elevator call,312.3018556,0,-1,1,0, got allocated to elevator, 0
314.0,Elev,8,  arrived at src, 6, Elevator call,304.9984388,6,0,2,3
314.0, elevID,8,  pos,6,  cmd, goto,0
317.0,Elevator call,316.0323783,0,-1,1,0, got allocated to elevator, 0
320.0,Elevator call,319.905202,6,5,1,0, got allocated to elevator, 0
321.0,Elevator call,320.9760749,-1,0,1,0, got allocated to elevator, 0
321.0,Elev,5,  arrived at src, 0, Elevator call,309.3005383,0,-1,2,0
321.0,Elev,5,  arrived at src, 0, Elevator call,312.3018556,0,-1,2,0
321.0,Elev,5,  arrived at src, 0, Elevator call,316.0323783,0,-1,2,0
321.0, elevID,5,  pos,0,  cmd, goto,-1
322.0,Elevator call,321.370409,7,-1,1,4, got allocated to elevator, 4
322.0, elevID,9,  pos,9,  cmd, goto,7
324.0,Elev,8,  arrived at dest, 0, this call is done!, Elevator call,304.9984388,6,0,3,3, Done, dt, 19.001561200000026
332.0,Elev,5,  arrived at dest, -1, this call is done!, Elevator call,309.3005383,0,-1,3,0, Done, dt, 22.699461699999972
332.0,Elev,5,  arrived at dest, -1, this call is done!, Elevator call,312.3018556,0,-1,3,0, Done, dt, 19.69814439999999
332.0,Elev,5,  arrived at dest, -1, this call is done!, Elevator call,316.0323783,0,-1,3,0, Done, dt, 15.967621699999995
332.0,Elev,5,  arrived at src, -1, Elevator call,320.9760749,-1,0,2,0
332.0, elevID,5,  pos,-1,  cmd, goto,0
333.0,Elevator call,332.4267319,0,10,1,4, got allocated to elevator, 4
333.0,Elev,9,  arrived at src, 7, Elevator call,321.370409,7,-1,2,4
333.0, elevID,9,  pos,7,  cmd, goto,0
337.0,Elevator call,336.9304305,-1,0,1,0, got allocated to elevator, 0
337.0, elevID,5,  pos,-1,  cmd, stop,-1
342.0,Elev,5,  arrived at src, -1, Elevator call,336.9304305,-1,0,2,0
342.0, elevID,5,  pos,-1,  cmd, goto,0
347.0,Elev,9,  arrived at src, 0, Elevator call,332.4267319,0,10,2,4
347.0, elevID,9,  pos,0,  cmd, goto,-1
353.0,Elev,5,  arrived at dest, 0, this call is done!, Elevator call,320.9760749,-1,0,3,0, Done, dt, 32.023925099999985
353.0,Elev,5,  arrived at dest, 0, this call is done!, Elevator call,336.9304305,-1,0,3,0, Done, dt, 16.0695695
353.0, elevID,5,  pos,0,  cmd, goto,6
358.0,Elev,9,  arrived at dest, -1, this call is done!, Elevator call,321.370409,7,-1,3,4, Done, dt, 36.629591000000005
358.0, elevID,9,  pos,-1,  cmd, goto,10
369.0,Elev,5,  arrived at src, 6, Elevator call,319.905202,6,5,2,0
369.0, elevID,5,  pos,6,  cmd, goto,5
374.0,Elev,9,  arrived at dest, 10, this call is done!, Elevator call,332.4267319,0,10,3,4, Done, dt, 41.57326810000001
376.0,Elevator call,375.490481,1,0,1,0, got allocated to elevator, 0
380.0,Elev,5,  arrived at dest, 5, this call is done!, Elevator call,319.905202,6,5,3,0, Done, dt, 60.094798000000026
380.0, elevID,5,  pos,5,  cmd, goto,1
393.0,Elevator call,392.5160765,0,5,1,3, got allocated to elevator, 3
393.0,Elev,8,  arrived at src, 0, Elevator call,392.5160765,0,5,2,3
393.0, elevID,8,  pos,0,  cmd, goto,5
394.0,Elev,5,  arrived at src, 1, Elevator call,375.490481,1,0,2,0
394.0, elevID,5,  pos,1,  cmd, goto,0
403.0,Elev,8,  arrived at dest, 5, this call is done!, Elevator call,392.5160765,0,5,3,3, Done, dt, 10.483923500000003
405.0,Elev,5,  arrived at dest, 0, this call is done!, Elevator call,375.490481,1,0,3,0, Done, dt, 29.50951900000001
406.0,Elevator call,405.1821141,-1,10,1,4, got allocated to elevator, 4
406.0, elevID,9,  pos,10,  cmd, goto,-1
422.0,Elev,9,  arrived at src, -1, Elevator call,405.1821141,-1,10,2,4
422.0, elevID,9,  pos,-1,  cmd, goto,10
427.0,Elevator call,426.8615805,2,0,1,2, got allocated to elevator, 2
427.0, elevID,7,  pos,0,  cmd, goto,2
434.0,Elev,7,  arrived at src, 2, Elevator call,426.8615805,2,0,2,2
434.0, elevID,7,  pos,2,  cmd, goto,0
438.0,Elevator call,437.1711158,1,0,1,0, got allocated to elevator, 0
438.0, elevID,5,  pos,0,  cmd, goto,1
438.0,Elev,9,  arrived at dest, 10, this call is done!, Elevator call,405.1821141,-1,10,3,4, Done, dt, 32.81788590000002
441.0,Elev,7,  arrived at dest, 0, this call is done!, Elevator call,426.8615805,2,0,3,2, Done, dt, 14.138419499999998
449.0,Elev,5,  arrived at src, 1, Elevator call,437.1711158,1,0,2,0
449.0, elevID,5,  pos,1,  cmd, goto,0
460.0,Elev,5,  arrived at dest, 0, this call is done!, Elevator call,437.1711158,1,0,3,0, Done, dt, 22.828884200000005
473.0,Elevator call,472.7445474,10,-1,1,4, got allocated to elevator, 4
473.0,Elev,9,  arrived at src, 10, Elevator call,472.7445474,10,-1,2,4
473.0, elevID,9,  pos,10,  cmd, goto,-1
489.0,Elev,9,  arrived at dest, -1, this call is done!, Elevator call,472.7445474,10,-1,3,4, Done, dt, 16.255452600000012
501.0,Elevator call,500.3712045,8,-1,1,4, got allocated to elevator, 4
501.0, elevID,9,  pos,-1,  cmd, goto,8
504.0,Elevator call,503.1384784,1,-1,1,2, got allocated to elevator, 2
504.0, elevID,7,  pos,0,  cmd, goto,1
505.0,Elevator call,504.4317942,0,-1,1,1, got allocated to elevator, 1
505.0, elevID,6,  pos,4,  cmd, goto,0
511.0,Elev,7,  arrived at src, 1, Elevator call,503.1384784,1,-1,2,2
511.0, elevID,7,  pos,1,  cmd, goto,-1
516.0,Elev,9,  arrived at src, 8, Elevator call,500.3712045,8,-1,2,4
516.0, elevID,9,  pos,8,  cmd, goto,-1
517.0,Elev,6,  arrived at src, 0, Elevator call,504.4317942,0,-1,2,1
517.0, elevID,6,  pos,0,  cmd, goto,-1
518.0,Elev,7,  arrived at dest, -1, this call is done!, Elevator call,503.1384784,1,-1,3,2, Done, dt, 14.861521600000003
528.0,Elev,6,  arrived at dest, -1, this call is done!, Elevator call,504.4317942,0,-1,3,1, Done, dt, 23.568205799999987
530.0,Elevator call,529.6277472,3,-1,1,2, got allocated to elevator, 2
530.0, elevID,7,  pos,-1,  cmd, goto,3
531.0,Elev,9,  arrived at dest, -1, this call is done!, Elevator call,500.3712045,8,-1,3,4, Done, dt, 30.628795500000024
537.0,Elev,7,  arrived at src, 3, Elevator call,529.6277472,3,-1,2,2
537.0, elevID,7,  pos,3,  cmd, goto,-1
538.0,Elevator call,537.7866884,-1,6,1,3, got allocated to elevator, 3
538.0, elevID,8,  pos,5,  cmd, goto,-1
544.0,Elev,7,  arrived at dest, -1, this call is done!, Elevator call,529.6277472,3,-1,3,2, Done, dt, 14.372252799999956
545.0,Elevator call,544.7880392,6,-1,1,3, got allocated to elevator, 3
548.0,Elev,8,  arrived at src, -1, Elevator call,537.7866884,-1,6,2,3
548.0, elevID,8,  pos,-1,  cmd, goto,6
555.0,Elevator call,554.0892923,4,0,1,3, got allocated to elevator, 3
558.0,Elevator call,557.244139,10,0,1,4, got allocated to elevator, 4
558.0,Elev,8,  arrived at dest, 6, this call is done!, Elevator call,537.7866884,-1,6,3,3, Done, dt, 20.213311599999997
558.0,Elev,8,  arrived at src, 6, Elevator call,544.7880392,6,-1,2,3
558.0, elevID,8,  pos,6,  cmd, goto,4
558.0, elevID,9,  pos,-1,  cmd, goto,10
566.0,Elevator call,565.0195522,0,-1,1,0, got allocated to elevator, 0
566.0,Elev,5,  arrived at src, 0, Elevator call,565.0195522,0,-1,2,0
566.0, elevID,5,  pos,0,  cmd, goto,-1
567.0,Elev,8,  arrived at src, 4, Elevator call,554.0892923,4,0,2,3
567.0, elevID,8,  pos,4,  cmd, goto,0
574.0,Elev,9,  arrived at src, 10, Elevator call,557.244139,10,0,2,4
574.0, elevID,9,  pos,10,  cmd, goto,0
576.0,Elev,8,  arrived at dest, 0, this call is done!, Elevator call,554.0892923,4,0,3,3, Done, dt, 21.91070769999999
576.0, elevID,8,  pos,0,  cmd, goto,-1
577.0,Elev,5,  arrived at dest, -1, this call is done!, Elevator call,565.0195522,0,-1,3,0, Done, dt, 11.980447799999979
582.0,Elevator call,581.870309,0,3,1,2, got allocated to elevator, 2
582.0, elevID,7,  pos,-1,  cmd, goto,0
585.0,Elev,8,  arrived at dest, -1, this call is done!, Elevator call,544.7880392,6,-1,3,3, Done, dt, 40.21196080000004
589.0,Elev,7,  arrived at src, 0, Elevator call,581.870309,0,3,2,2
589.0, elevID,7,  pos,0,  cmd, goto,3
589.0,Elev,9,  arrived at dest, 0, this call is done!, Elevator call,557.244139,10,0,3,4, Done, dt, 31.75586099999998
596.0,Elev,7,  arrived at dest, 3, this call is done!, Elevator call,581.870309,0,3,3,2, Done, dt, 14.12969099999998
597.0,Elevator call,596.1232023,8,0,1,4, got allocated to elevator, 4
597.0, elevID,9,  pos,0,  cmd, goto,8
601.0,Elevator call,600.931288,1,0,1,0, got allocated to elevator, 0
601.0, elevID,5,  pos,-1,  cmd, goto,1
604.0,Elevator call,603.9342327,7,0,1,3, got allocated to elevator, 3
604.0, elevID,8,  pos,-1,  cmd, goto,7
611.0,Elev,9,  arrived at src, 8, Elevator call,596.1232023,8,0,2,4
611.0, elevID,9,  pos,8,  cmd, goto,0
613.0,Elev,5,  arrived at src, 1, Elevator call,600.931288,1,0,2,0
613.0, elevID,5,  pos,1,  cmd, goto,0
614.0,Elev,8,  arrived at src, 7, Elevator call,603.9342327,7,0,2,3
614.0, elevID,8,  pos,7,  cmd, goto,0
618.0,Elevator call,617.9628339,0,3,1,2, got allocated to elevator, 2
618.0, elevID,7,  pos,3,  cmd, goto,0
620.0,Elevator call,619.6454197,9,0,1,4, got allocated to elevator, 4
624.0,Elev,5,  arrived at dest, 0, this call is done!, Elevator call,600.931288,1,0,3,0, Done, dt, 23.068712000000005
624.0,Elev,8,  arrived at dest, 0, this call is done!, Elevator call,603.9342327,7,0,3,3, Done, dt, 20.065767299999948
625.0,Elev,7,  arrived at src, 0, Elevator call,617.9628339,0,3,2,2
625.0, elevID,7,  pos,0,  cmd, goto,3
625.0,Elev,9,  arrived at dest, 0, this call is done!, Elevator call,596.1232023,8,0,3,4, Done, dt, 28.876797699999997
625.0, elevID,9,  pos,0,  cmd, goto,9
627.0,Elevator call,626.2116172,0,1,1,0, got allocated to elevator, 0
627.0,Elev,5,  arrived at src, 0, Elevator call,626.2116172,0,1,2,0
627.0, elevID,5,  pos,0,  cmd, goto,1
632.0,Elev,7,  arrived at dest, 3, this call is done!, Elevator call,617.9628339,0,3,3,2, Done, dt, 14.037166100000036
638.0,Elev,5,  arrived at dest, 1, this call is done!, Elevator call,626.2116172,0,1,3,0, Done, dt, 11.788382800000022
640.0,Elev,9,  arrived at src, 9, Elevator call,619.6454197,9,0,2,4
640.0, elevID,9,  pos,9,  cmd, goto,0
644.0,Elevator call,643.8547515,-1,2,1,2, got allocated to elevator, 2
644.0, elevID,7,  pos,3,  cmd, goto,-1
651.0,Elev,7,  arrived at src, -1, Elevator call,643.8547515,-1,2,2,2
651.0, elevID,7,  pos,-1,  cmd, goto,2
655.0,Elev,9,  arrived at dest, 0, this call is done!, Elevator call,619.6454197,9,0,3,4, Done, dt, 35.35458029999995
658.0,Elev,7,  arrived at dest, 2, this call is done!, Elevator call,643.8547515,-1,2,3,2, Done, dt, 14.14524849999998
661.0,Elevator call,660.0732908,6,10,1,2, got allocated to elevator, 2
661.0, elevID,7,  pos,2,  cmd, goto,6
662.0,Elevator call,661.042082,-1,3,1,2, got allocated to elevator, 2
663.0,Elevator call,662.1730528,-1,5,1,3, got allocated to elevator, 3
663.0, elevID,8,  pos,0,  cmd, goto,-1
666.0,Elevator call,665.1155549,-1,8,1,4, got allocated to elevator, 4
666.0, elevID,9,  pos,0,  cmd, goto,-1
667.0,Elevator call,666.0340295,4,0,1,2, got allocated to elevator, 2
667.0,Elevator call,666.2411587,5,-1,1,3, got allocated to elevator, 3
668.0,Elev,7,  arrived at src, 6, Elevator call,660.0732908,6,10,2,2
668.0, elevID,7,  pos,6,  cmd, goto,10
672.0,Elev,8,  arrived at src, -1, Elevator call,662.1730528,-1,5,2,3
672.0, elevID,8,  pos,-1,  cmd, goto,5
673.0,Elevator call,672.6773142,0,-1,1,1, got allocated to elevator, 1
673.0, elevID,6,  pos,-1,  cmd, goto,0
675.0,Elev,7,  arrived at dest, 10, this call is done!, Elevator call,660.0732908,6,10,3,2, Done, dt, 14.926709200000005
675.0, elevID,7,  pos,10,  cmd, goto,4
677.0,Elev,9,  arrived at src, -1, Elevator call,665.1155549,-1,8,2,4
677.0, elevID,9,  pos,-1,  cmd, goto,8
678.0,Elevator call,677.7341948,0,-1,1,1, got allocated to elevator, 1
679.0,Elevator call,678.9953585,-1,-2,1,1, got allocated to elevator, 1
682.0,Elev,7,  arrived at src, 4, Elevator call,666.0340295,4,0,2,2
682.0, elevID,7,  pos,4,  cmd, goto,0
682.0,Elev,8,  arrived at dest, 5, this call is done!, Elevator call,662.1730528,-1,5,3,3, Done, dt, 19.82694719999995
682.0,Elev,8,  arrived at src, 5, Elevator call,666.2411587,5,-1,2,3
682.0, elevID,8,  pos,5,  cmd, goto,-1
684.0,Elev,6,  arrived at src, 0, Elevator call,672.6773142,0,-1,2,1
684.0,Elev,6,  arrived at src, 0, Elevator call,677.7341948,0,-1,2,1
684.0, elevID,6,  pos,0,  cmd, goto,-1
689.0,Elev,7,  arrived at dest, 0, this call is done!, Elevator call,666.0340295,4,0,3,2, Done, dt, 22.965970500000026
689.0, elevID,7,  pos,0,  cmd, goto,-1
692.0,Elev,8,  arrived at dest, -1, this call is done!, Elevator call,666.2411587,5,-1,3,3, Done, dt, 25.758841299999972
692.0,Elev,9,  arrived at dest, 8, this call is done!, Elevator call,665.1155549,-1,8,3,4, Done, dt, 26.884445099999994
695.0,Elev,6,  arrived at dest, -1, this call is done!, Elevator call,672.6773142,0,-1,3,1, Done, dt, 22.322685800000045
695.0,Elev,6,  arrived at dest, -1, this call is done!, Elevator call,677.7341948,0,-1,3,1, Done, dt, 17.265805200000045
695.0,Elev,6,  arrived at src, -1, Elevator call,678.9953585,-1,-2,2,1
695.0, elevID,6,  pos,-1,  cmd, goto,-2
696.0,Elevator call,695.2239882,0,10,1,4, got allocated to elevator, 4
696.0,Elev,7,  arrived at src, -1, Elevator call,661.042082,-1,3,2,2
696.0, elevID,7,  pos,-1,  cmd, goto,3
696.0, elevID,9,  pos,8,  cmd, goto,0
703.0,Elev,7,  arrived at dest, 3, this call is done!, Elevator call,661.042082,-1,3,3,2, Done, dt, 41.95791799999995
706.0,Elev,6,  arrived at dest, -2, this call is done!, Elevator call,678.9953585,-1,-2,3,1, Done, dt, 27.004641500000048
707.0,Elevator call,706.1583475,-1,-2,1,1, got allocated to elevator, 1
707.0, elevID,6,  pos,-2,  cmd, goto,-1
710.0,Elev,9,  arrived at src, 0, Elevator call,695.2239882,0,10,2,4
710.0, elevID,9,  pos,0,  cmd, goto,10
711.0,Elevator call,710.324977,0,1,1,1, got allocated to elevator, 1
714.0,Elevator call,713.0191971,1,0,1,0, got allocated to elevator, 0
714.0,Elevator call,713.2499766,10,-1,1,4, got allocated to elevator, 4
714.0,Elev,5,  arrived at src, 1, Elevator call,713.0191971,1,0,2,0
714.0, elevID,5,  pos,1,  cmd, goto,0
718.0,Elev,6,  arrived at src, -1, Elevator call,706.1583475,-1,-2,2,1
718.0, elevID,6,  pos,-1,  cmd, goto,0
723.0,Elevator call,722.6161213,10,0,1,4, got allocated to elevator, 4
725.0,Elev,5,  arrived at dest, 0, this call is done!, Elevator call,713.0191971,1,0,3,0, Done, dt, 11.980802899999958
725.0,Elev,9,  arrived at dest, 10, this call is done!, Elevator call,695.2239882,0,10,3,4, Done, dt, 29.776011799999992
725.0,Elev,9,  arrived at src, 10, Elevator call,713.2499766,10,-1,2,4
725.0,Elev,9,  arrived at src, 10, Elevator call,722.6161213,10,0,2,4
725.0, elevID,9,  pos,10,  cmd, goto,0
728.0,Elevator call,727.5146029,-1,0,1,1, got allocated to elevator, 1
729.0,Elev,6,  arrived at src, 0, Elevator call,710.324977,0,1,2,1
729.0, elevID,6,  pos,0,  cmd, goto,1
733.0,Elevator call,732.9746341,6,-1,1,3, got allocated to elevator, 3
733.0, elevID,8,  pos,-1,  cmd, goto,6
738.0,Elevator call,737.3147202,1,0,1,0, got allocated to elevator, 0
738.0, elevID,5,  pos,0,  cmd, goto,1
740.0,Elev,6,  arrived at dest, 1, this call is done!, Elevator call,710.324977,0,1,3,1, Done, dt, 29.67502300000001
740.0, elevID,6,  pos,1,  cmd, goto,-1
740.0,Elev,9,  arrived at dest, 0, this call is done!, Elevator call,722.6161213,10,0,3,4, Done, dt, 17.38387869999997
740.0, elevID,9,  pos,0,  cmd, goto,-1
743.0,Elev,8,  arrived at src, 6, Elevator call,732.9746341,6,-1,2,3
743.0, elevID,8,  pos,6,  cmd, goto,-1
749.0,Elev,5,  arrived at src, 1, Elevator call,737.3147202,1,0,2,0
749.0, elevID,5,  pos,1,  cmd, goto,0
751.0,Elev,6,  arrived at src, -1, Elevator call,727.5146029,-1,0,2,1
751.0, elevID,6,  pos,-1,  cmd, goto,-2
751.0,Elev,9,  arrived at dest, -1, this call is done!, Elevator call,713.2499766,10,-1,3,4, Done, dt, 37.75002340000003
753.0,Elev,8,  arrived at dest, -1, this call is done!, Elevator call,732.9746341,6,-1,3,3, Done, dt, 20.025365899999997
760.0,Elev,5,  arrived at dest, 0, this call is done!, Elevator call,737.3147202,1,0,3,0, Done, dt, 22.68527979999999
762.0,Elev,6,  arrived at dest, -2, this call is done!, Elevator call,706.1583475,-1,-2,3,1, Done, dt, 55.84165250000001
762.0, elevID,6,  pos,-2,  cmd, goto,0
773.0,Elev,6,  arrived at dest, 0, this call is done!, Elevator call,727.5146029,-1,0,3,1, Done, dt, 45.4853971
780.0,Elevator call,779.3996914,-1,5,1,3, got allocated to elevator, 3
780.0,Elev,8,  arrived at src, -1, Elevator call,779.3996914,-1,5,2,3
780.0, elevID,8,  pos,-1,  cmd, goto,5
790.0,Elev,8,  arrived at dest, 5, this call is done!, Elevator call,779.3996914,-1,5,3,3, Done, dt, 10.600308599999948
806.0,Elevator call,805.6754743,-1,-2,1,0, got allocated to elevator, 0
806.0, elevID,5,  pos,0,  cmd, goto,-1
811.0,Elevator call,810.4469089,2,0,1,2, got allocated to elevator, 2
811.0, elevID,7,  pos,3,  cmd, goto,2
817.0,Elevator call,816.1516998,7,-1,1,4, got allocated to elevator, 4
817.0,Elev,5,  arrived at src, -1, Elevator call,805.6754743,-1,-2,2,0
817.0, elevID,5,  pos,-1,  cmd, goto,-2
817.0, elevID,9,  pos,-1,  cmd, goto,7
818.0,Elev,7,  arrived at src, 2, Elevator call,810.4469089,2,0,2,2
818.0, elevID,7,  pos,2,  cmd, goto,0
825.0,Elev,7,  arrived at dest, 0, this call is done!, Elevator call,810.4469089,2,0,3,2, Done, dt, 14.55309109999996
826.0,Elevator call,825.4575185,7,0,1,3, got allocated to elevator, 3
826.0, elevID,8,  pos,5,  cmd, goto,7
828.0,Elev,5,  arrived at dest, -2, this call is done!, Elevator call,805.6754743,-1,-2,3,0, Done, dt, 22.32452569999998
831.0,Elev,9,  arrived at src, 7, Elevator call,816.1516998,7,-1,2,4
831.0, elevID,9,  pos,7,  cmd, goto,-1
835.0,Elev,8,  arrived at src, 7, Elevator call,825.4575185,7,0,2,3
835.0, elevID,8,  pos,7,  cmd, goto,0
840.0,Elevator call,839.8525653,0,1,1,0, got allocated to elevator, 0
840.0, elevID,5,  pos,-2,  cmd, goto,0
845.0,Elev,8,  arrived at dest, 0, this call is done!, Elevator call,825.4575185,7,0,3,3, Done, dt, 19.542481500000008
845.0,Elev,9,  arrived at dest, -1, this call is done!, Elevator call,816.1516998,7,-1,3,4, Done, dt, 28.84830020000004
852.0,Elev,5,  arrived at src, 0, Elevator call,839.8525653,0,1,2,0
852.0, elevID,5,  pos,0,  cmd, goto,1
855.0,Elevator call,854.2002278,6,-1,1,3, got allocated to elevator, 3
855.0, elevID,8,  pos,0,  cmd, goto,6
863.0,Elev,5,  arrived at dest, 1, this call is done!, Elevator call,839.8525653,0,1,3,0, Done, dt, 23.147434699999963
864.0,Elevator call,863.8932913,0,-1,1,0, got allocated to elevator, 0
864.0, elevID,5,  pos,1,  cmd, goto,0
865.0,Elev,8,  arrived at src, 6, Elevator call,854.2002278,6,-1,2,3
865.0, elevID,8,  pos,6,  cmd, goto,-1
871.0,Elevator call,870.5053024,0,7,1,3, got allocated to elevator, 3
875.0,Elev,5,  arrived at src, 0, Elevator call,863.8932913,0,-1,2,0
875.0, elevID,5,  pos,0,  cmd, goto,-1
875.0,Elev,8,  arrived at dest, -1, this call is done!, Elevator call,854.2002278,6,-1,3,3, Done, dt, 20.799772200000007
875.0, elevID,8,  pos,-1,  cmd, goto,0
884.0,Elev,8,  arrived at src, 0, Elevator call,870.5053024,0,7,2,3
884.0, elevID,8,  pos,0,  cmd, goto,7
886.0,Elev,5,  arrived at dest, -1, this call is done!, Elevator call,863.8932913,0,-1,3,0, Done, dt, 22.106708700000013
887.0,Elevator call,886.5649993,-1,-2,1,0, got allocated to elevator, 0
887.0,Elev,5,  arrived at src, -1, Elevator call,886.5649993,-1,-2,2,0
887.0, elevID,5,  pos,-1,  cmd, goto,-2
893.0,Elevator call,892.5212151,9,-1,1,4, got allocated to elevator, 4
893.0, elevID,9,  pos,-1,  cmd, goto,9
894.0,Elev,8,  arrived at dest, 7, this call is done!, Elevator call,870.5053024,0,7,3,3, Done, dt, 23.494697599999995
898.0,Elev,5,  arrived at dest, -2, this call is done!, Elevator call,886.5649993,-1,-2,3,0, Done, dt, 11.435000700000046
908.0,Elev,9,  arrived at src, 9, Elevator call,892.5212151,9,-1,2,4
908.0, elevID,9,  pos,9,  cmd, goto,-1
911.0,Elevator call,910.5388559,6,5,1,1, got allocated to elevator, 1
911.0, elevID,6,  pos,0,  cmd, goto,6
916.0,Elevator call,915.9490575,4,-1,1,3, got allocated to elevator, 3
916.0, elevID,8,  pos,7,  cmd, goto,4
923.0,Elev,9,  arrived at dest, -1, this call is done!, Elevator call,892.5212151,9,-1,3,4, Done, dt, 30.47878490000005
924.0,Elev,6,  arrived at src, 6, Elevator call,910.5388559,6,5,2,1
924.0, elevID,6,  pos,6,  cmd, goto,5
925.0,Elev,8,  arrived at src, 4, Elevator call,915.9490575,4,-1,2,3
925.0, elevID,8,  pos,4,  cmd, goto,-1
934.0,Elevator call,933.8580452,7,5,1,2, got allocated to elevator, 2
934.0, elevID,7,  pos,0,  cmd, goto,7
935.0,Elev,6,  arrived at dest, 5, this call is done!, Elevator call,910.5388559,6,5,3,1, Done, dt, 24.461144099999956
935.0,Elev,8,  arrived at dest, -1, this call is done!, Elevator call,915.9490575,4,-1,3,3, Done, dt, 19.05094250000002
942.0,Elev,7,  arrived at src, 7, Elevator call,933.8580452,7,5,2,2
942.0, elevID,7,  pos,7,  cmd, goto,5
949.0,Elev,7,  arrived at dest, 5, this call is done!, Elevator call,933.8580452,7,5,3,2, Done, dt, 15.141954800000008
962.0,Elevator call,961.6862856,6,-1,1,3, got allocated to elevator, 3
962.0, elevID,8,  pos,-1,  cmd, goto,6
972.0,Elev,8,  arrived at src, 6, Elevator call,961.6862856,6,-1,2,3
972.0, elevID,8,  pos,6,  cmd, goto,-1
973.0,Elevator call,972.8032126,1,0,1,1, got allocated to elevator, 1
973.0, elevID,6,  pos,5,  cmd, goto,1
976.0,Elevator call,975.8361203,0,-1,1,1, got allocated to elevator, 1
979.0,Elevator call,978.5925149,10,0,1,4, got allocated to elevator, 4
979.0,Elevator call,978.6210501,10,-1,1,4, got allocated to elevator, 4
979.0, elevID,9,  pos,-1,  cmd, goto,10
982.0,Elev,8,  arrived at dest, -1, this call is done!, Elevator call,961.6862856,6,-1,3,3, Done, dt, 20.31371439999998
985.0,Elevator call,984.1840186,7,0,1,3, got allocated to elevator, 3
985.0,Elev,6,  arrived at src, 1, Elevator call,972.8032126,1,0,2,1
985.0, elevID,6,  pos,1,  cmd, goto,0
985.0, elevID,8,  pos,-1,  cmd, goto,7
995.0,Elev,8,  arrived at src, 7, Elevator call,984.1840186,7,0,2,3
995.0, elevID,8,  pos,7,  cmd, goto,0
995.0,Elev,9,  arrived at src, 10, Elevator call,978.5925149,10,0,2,4
995.0,Elev,9,  arrived at src, 10, Elevator call,978.6210501,10,-1,2,4
995.0, elevID,9,  pos,10,  cmd, goto,0
996.0,Elev,6,  arrived at dest, 0, this call is done!, Elevator call,972.8032126,1,0,3,1, Done, dt, 23.19678739999995
996.0,Elev,6,  arrived at src, 0, Elevator call,975.8361203,0,-1,2,1
996.0, elevID,6,  pos,0,  cmd, goto,-1
1005.0,Elev,8,  arrived at dest, 0, this call is done!, Elevator call,984.1840186,7,0,3,3, Done, dt, 20.815981400000055
1007.0,Elev,6,  arrived at dest, -1, this call is done!, Elevator call,975.8361203,0,-1,3,1, Done, dt, 31.163879700000052
1010.0,Elev,9,  arrived at dest, 0, this call is done!, Elevator call,978.5925149,10,0,3,4, Done, dt, 31.40748510000003
1010.0, elevID,9,  pos,0,  cmd, goto,-1
1021.0,Elev,9,  arrived at dest, -1, this call is done!, Elevator call,978.6210501,10,-1,3,4, Done, dt, 42.37894989999995
1022.0,************* Simulation Ended ************
Code Owners,206770414,322782376,  Building_file,B4.json,  Calls,outputB4a.csv
Total waiting time: 2344.0,  average waiting time per call: 23.44,  unCompleted calls,0,  certificate, -63255113
