Ex1 (OOP) Simulator log: stage B5.json,  outputB5a.csv
0.0,OOP_Ex1_Elevator_Simulator
0.0,Simulated Building, Building [-10,100]
0) ex1.Elevator_A, Elev_, id,10,  speed, 9.0, open: 1.1111111111111112,  start: 1.6666666666666667, close: 1.1111111111111112,  stop: 1.6666666666666667
1) ex1.Elevator_A, Elev_, id,11,  speed, 7.0, open: 1.4285714285714286,  start: 2.142857142857143, close: 1.4285714285714286,  stop: 2.142857142857143
2) ex1.Elevator_A, Elev_, id,12,  speed, 5.0, open: 2.0,  start: 3.0, close: 2.0,  stop: 3.0
3) ex1.Elevator_A, Elev_, id,13,  speed, 5.0, open: 2.0,  start: 3.0, close: 2.0,  stop: 3.0
4) ex1.Elevator_A, Elev_, id,14,  speed, 3.0, open: 2.0,  start: 3.0, close: 2.0,  stop: 3.0
5) ex1.Elevator_A, Elev_, id,15,  speed, 3.0, open: 2.0,  start: 3.0, close: 2.0,  stop: 3.0
6) ex1.Elevator_A, Elev_, id,16,  speed, 1.5, open: 2.0,  start: 3.0, close: 2.0,  stop: 3.0
7) ex1.Elevator_A, Elev_, id,17,  speed, 9.0, open: 1.1111111111111112,  start: 1.6666666666666667, close: 1.1111111111111112,  stop: 1.6666666666666667
8) ex1.Elevator_A, Elev_, id,18,  speed, 9.0, open: 1.1111111111111112,  start: 1.6666666666666667, close: 1.1111111111111112,  stop: 1.6666666666666667
9) ex1.Elevator_A, Elev_, id,19,  speed, 2.0, open: 2.0,  start: 3.0, close: 2.0,  stop: 3.0

0.0,Simulated Period starTime,0.0,  endTime,1104.1840186,  dt,1.0
0.0,Simulated  calls,Elevator log, size: 100
0.0,**** Simulation starts!! ****
5.0,Elevator call,4.37472729,0,-1,1,0, got allocated to elevator, 0
5.0,Elev,10,  arrived at src, 0, Elevator call,4.37472729,0,-1,2,0
5.0, elevID,10,  pos,0,  cmd, goto,-1
11.0,Elev,10,  arrived at dest, -1, this call is done!, Elevator call,4.37472729,0,-1,3,0, Done, dt, 6.62527271
17.0,Elevator call,16.95788289,-1,0,1,2, got allocated to elevator, 2
17.0, elevID,12,  pos,0,  cmd, goto,-1
23.0,Elevator call,22.0940563,0,-1,1,3, got allocated to elevator, 3
23.0,Elev,13,  arrived at src, 0, Elevator call,22.0940563,0,-1,2,3
23.0, elevID,13,  pos,0,  cmd, goto,-1
28.0,Elev,12,  arrived at src, -1, Elevator call,16.95788289,-1,0,2,2
28.0, elevID,12,  pos,-1,  cmd, goto,0
34.0,Elev,13,  arrived at dest, -1, this call is done!, Elevator call,22.0940563,0,-1,3,3, Done, dt, 11.905943700000002
39.0,Elev,12,  arrived at dest, 0, this call is done!, Elevator call,16.95788289,-1,0,3,2, Done, dt, 22.04211711
86.0,Elevator call,85.52096662,3,2,1,3, got allocated to elevator, 3
86.0, elevID,13,  pos,-1,  cmd, goto,3
92.0,Elevator call,91.21019413,-1,-2,1,3, got allocated to elevator, 3
97.0,Elev,13,  arrived at src, 3, Elevator call,85.52096662,3,2,2,3
97.0, elevID,13,  pos,3,  cmd, goto,2
105.0,Elevator call,104.1370124,0,4,1,5, got allocated to elevator, 5
105.0,Elev,15,  arrived at src, 0, Elevator call,104.1370124,0,4,2,5
105.0, elevID,15,  pos,0,  cmd, goto,4
108.0,Elev,13,  arrived at dest, 2, this call is done!, Elevator call,85.52096662,3,2,3,3, Done, dt, 22.479033380000004
108.0, elevID,13,  pos,2,  cmd, goto,-1
110.0,Elevator call,109.2135291,-1,0,1,3, got allocated to elevator, 3
115.0,Elevator call,114.392351,3,0,1,5, got allocated to elevator, 5
117.0,Elev,15,  arrived at dest, 4, this call is done!, Elevator call,104.1370124,0,4,3,5, Done, dt, 12.862987599999997
117.0, elevID,15,  pos,4,  cmd, goto,3
119.0,Elev,13,  arrived at src, -1, Elevator call,91.21019413,-1,-2,2,3
119.0,Elev,13,  arrived at src, -1, Elevator call,109.2135291,-1,0,2,3
119.0, elevID,13,  pos,-1,  cmd, goto,-2
125.0,Elevator call,124.425571,0,9,1,8, got allocated to elevator, 8
125.0,Elev,18,  arrived at src, 0, Elevator call,124.425571,0,9,2,8
125.0, elevID,18,  pos,0,  cmd, goto,9
128.0,Elev,15,  arrived at src, 3, Elevator call,114.392351,3,0,2,5
128.0, elevID,15,  pos,3,  cmd, goto,0
130.0,Elev,13,  arrived at dest, -2, this call is done!, Elevator call,91.21019413,-1,-2,3,3, Done, dt, 38.789805869999995
130.0, elevID,13,  pos,-2,  cmd, goto,0
131.0,Elevator call,130.0249568,8,10,1,4, got allocated to elevator, 4
131.0,Elevator call,130.2249113,-1,1,1,4, got allocated to elevator, 4
131.0, elevID,14,  pos,0,  cmd, goto,-1
132.0,Elev,18,  arrived at dest, 9, this call is done!, Elevator call,124.425571,0,9,3,8, Done, dt, 7.574428999999995
138.0,Elevator call,137.9515274,0,4,1,6, got allocated to elevator, 6
138.0,Elev,16,  arrived at src, 0, Elevator call,137.9515274,0,4,2,6
138.0, elevID,16,  pos,0,  cmd, goto,4
139.0,Elev,15,  arrived at dest, 0, this call is done!, Elevator call,114.392351,3,0,3,5, Done, dt, 24.607648999999995
141.0,Elev,13,  arrived at dest, 0, this call is done!, Elevator call,109.2135291,-1,0,3,3, Done, dt, 31.786470899999998
142.0,Elev,14,  arrived at src, -1, Elevator call,130.2249113,-1,1,2,4
142.0, elevID,14,  pos,-1,  cmd, goto,1
144.0,Elevator call,143.9133584,0,6,1,6, got allocated to elevator, 6
151.0,Elev,16,  arrived at dest, 4, this call is done!, Elevator call,137.9515274,0,4,3,6, Done, dt, 13.048472599999997
151.0, elevID,16,  pos,4,  cmd, goto,0
153.0,Elev,14,  arrived at dest, 1, this call is done!, Elevator call,130.2249113,-1,1,3,4, Done, dt, 22.775088699999998
153.0, elevID,14,  pos,1,  cmd, goto,8
164.0,Elev,16,  arrived at src, 0, Elevator call,143.9133584,0,6,2,6
164.0, elevID,16,  pos,0,  cmd, goto,6
166.0,Elev,14,  arrived at src, 8, Elevator call,130.0249568,8,10,2,4
166.0, elevID,14,  pos,8,  cmd, goto,10
170.0,Elevator call,169.7845834,-1,0,1,3, got allocated to elevator, 3
170.0, elevID,13,  pos,0,  cmd, goto,-1
171.0,Elevator call,170.0099621,0,6,1,6, got allocated to elevator, 6
172.0,Elevator call,171.2117332,-1,8,1,8, got allocated to elevator, 8
172.0, elevID,18,  pos,9,  cmd, goto,-1
175.0,Elevator call,174.8438515,0,-1,1,3, got allocated to elevator, 3
, elevID,13,  pos,0,  cmd, stop,0
177.0,Elev,14,  arrived at dest, 10, this call is done!, Elevator call,130.0249568,8,10,3,4, Done, dt, 46.97504319999999
178.0,Elev,16,  arrived at dest, 6, this call is done!, Elevator call,143.9133584,0,6,3,6, Done, dt, 34.08664160000001
178.0, elevID,16,  pos,6,  cmd, goto,0
179.0,Elev,18,  arrived at src, -1, Elevator call,171.2117332,-1,8,2,8
179.0, elevID,18,  pos,-1,  cmd, goto,8
180.0,Elev,13,  arrived at src, 0, Elevator call,174.8438515,0,-1,2,3
180.0, elevID,13,  pos,0,  cmd, goto,-1
186.0,Elev,18,  arrived at dest, 8, this call is done!, Elevator call,171.2117332,-1,8,3,8, Done, dt, 14.788266800000002
188.0,Elevator call,187.1167862,-1,-2,1,4, got allocated to elevator, 4
188.0,Elevator call,187.7299318,-1,-2,1,3, got allocated to elevator, 3
188.0, elevID,14,  pos,10,  cmd, goto,-1
191.0,Elev,13,  arrived at src, -1, Elevator call,169.7845834,-1,0,2,3
191.0,Elev,13,  arrived at dest, -1, this call is done!, Elevator call,174.8438515,0,-1,3,3, Done, dt, 16.1561485
191.0,Elev,13,  arrived at src, -1, Elevator call,187.7299318,-1,-2,2,3
191.0, elevID,13,  pos,-1,  cmd, goto,-2
192.0,Elev,16,  arrived at src, 0, Elevator call,170.0099621,0,6,2,6
192.0, elevID,16,  pos,0,  cmd, goto,6
196.0,Elevator call,195.9086965,0,7,1,8, got allocated to elevator, 8
196.0, elevID,18,  pos,8,  cmd, goto,0
198.0,Elevator call,197.5359191,-1,1,1,4, got allocated to elevator, 4
202.0,Elev,13,  arrived at dest, -2, this call is done!, Elevator call,187.7299318,-1,-2,3,3, Done, dt, 14.270068199999997
202.0, elevID,13,  pos,-2,  cmd, goto,0
202.0,Elev,14,  arrived at src, -1, Elevator call,187.1167862,-1,-2,2,4
202.0,Elev,14,  arrived at src, -1, Elevator call,197.5359191,-1,1,2,4
202.0, elevID,14,  pos,-1,  cmd, goto,-2
203.0,Elev,18,  arrived at src, 0, Elevator call,195.9086965,0,7,2,8
203.0, elevID,18,  pos,0,  cmd, goto,7
206.0,Elevator call,205.9895199,-1,0,1,4, got allocated to elevator, 4
, elevID,14,  pos,-1,  cmd, stop,-1
206.0,Elev,16,  arrived at dest, 6, this call is done!, Elevator call,170.0099621,0,6,3,6, Done, dt, 35.990037900000004
210.0,Elev,18,  arrived at dest, 7, this call is done!, Elevator call,195.9086965,0,7,3,8, Done, dt, 14.09130350000001
212.0,Elev,14,  arrived at src, -1, Elevator call,205.9895199,-1,0,2,4
212.0, elevID,14,  pos,-1,  cmd, goto,-2
213.0,Elev,13,  arrived at dest, 0, this call is done!, Elevator call,169.7845834,-1,0,3,3, Done, dt, 43.2154166
223.0,Elev,14,  arrived at dest, -2, this call is done!, Elevator call,187.1167862,-1,-2,3,4, Done, dt, 35.88321379999999
223.0, elevID,14,  pos,-2,  cmd, goto,0
228.0,Elevator call,227.0798305,-1,5,1,6, got allocated to elevator, 6
228.0, elevID,16,  pos,6,  cmd, goto,-1
232.0,Elevator call,231.5157882,-1,0,1,4, got allocated to elevator, 4
233.0,Elevator call,232.9504362,0,-1,1,4, got allocated to elevator, 4
234.0,Elev,14,  arrived at dest, 0, this call is done!, Elevator call,205.9895199,-1,0,3,4, Done, dt, 28.010480099999995
234.0,Elev,14,  arrived at src, 0, Elevator call,232.9504362,0,-1,2,4
234.0, elevID,14,  pos,0,  cmd, goto,1
243.0,Elev,16,  arrived at src, -1, Elevator call,227.0798305,-1,5,2,6
243.0, elevID,16,  pos,-1,  cmd, goto,5
245.0,Elev,14,  arrived at dest, 1, this call is done!, Elevator call,197.5359191,-1,1,3,4, Done, dt, 47.4640809
245.0, elevID,14,  pos,1,  cmd, goto,-1
252.0,Elevator call,251.1044469,-1,-2,1,2, got allocated to elevator, 2
252.0,Elevator call,251.2359335,0,9,1,8, got allocated to elevator, 8
252.0, elevID,12,  pos,0,  cmd, goto,-1
252.0, elevID,18,  pos,7,  cmd, goto,0
255.0,Elevator call,254.6977153,3,4,1,2, got allocated to elevator, 2
256.0,Elev,14,  arrived at src, -1, Elevator call,231.5157882,-1,0,2,4
256.0,Elev,14,  arrived at dest, -1, this call is done!, Elevator call,232.9504362,0,-1,3,4, Done, dt, 23.049563799999987
256.0, elevID,14,  pos,-1,  cmd, goto,0
257.0,Elev,16,  arrived at dest, 5, this call is done!, Elevator call,227.0798305,-1,5,3,6, Done, dt, 29.920169499999986
258.0,Elevator call,257.7974435,-1,0,1,1, got allocated to elevator, 1
258.0, elevID,11,  pos,0,  cmd, goto,-1
259.0,Elev,18,  arrived at src, 0, Elevator call,251.2359335,0,9,2,8
259.0, elevID,18,  pos,0,  cmd, goto,9
263.0,Elev,12,  arrived at src, -1, Elevator call,251.1044469,-1,-2,2,2
263.0, elevID,12,  pos,-1,  cmd, goto,-2
266.0,Elev,11,  arrived at src, -1, Elevator call,257.7974435,-1,0,2,1
266.0, elevID,11,  pos,-1,  cmd, goto,0
266.0,Elev,18,  arrived at dest, 9, this call is done!, Elevator call,251.2359335,0,9,3,8, Done, dt, 14.764066500000013
267.0,Elev,14,  arrived at dest, 0, this call is done!, Elevator call,231.5157882,-1,0,3,4, Done, dt, 35.4842118
274.0,Elev,11,  arrived at dest, 0, this call is done!, Elevator call,257.7974435,-1,0,3,1, Done, dt, 16.202556500000014
274.0,Elev,12,  arrived at dest, -2, this call is done!, Elevator call,251.1044469,-1,-2,3,2, Done, dt, 22.8955531
274.0, elevID,12,  pos,-2,  cmd, goto,3
285.0,Elev,12,  arrived at src, 3, Elevator call,254.6977153,3,4,2,2
285.0, elevID,12,  pos,3,  cmd, goto,4
296.0,Elevator call,295.7943357,0,1,1,0, got allocated to elevator, 0
296.0, elevID,10,  pos,-1,  cmd, goto,0
296.0,Elev,12,  arrived at dest, 4, this call is done!, Elevator call,254.6977153,3,4,3,2, Done, dt, 41.3022847
302.0,Elev,10,  arrived at src, 0, Elevator call,295.7943357,0,1,2,0
302.0, elevID,10,  pos,0,  cmd, goto,1
305.0,Elevator call,304.9984388,6,0,1,6, got allocated to elevator, 6
305.0, elevID,16,  pos,5,  cmd, goto,6
308.0,Elev,10,  arrived at dest, 1, this call is done!, Elevator call,295.7943357,0,1,3,0, Done, dt, 12.205664300000024
310.0,Elevator call,309.3005383,0,-1,1,0, got allocated to elevator, 0
310.0, elevID,10,  pos,1,  cmd, goto,0
313.0,Elevator call,312.3018556,0,-1,1,0, got allocated to elevator, 0
316.0,Elev,10,  arrived at src, 0, Elevator call,309.3005383,0,-1,2,0
316.0,Elev,10,  arrived at src, 0, Elevator call,312.3018556,0,-1,2,0
316.0, elevID,10,  pos,0,  cmd, goto,-1
316.0,Elev,16,  arrived at src, 6, Elevator call,304.9984388,6,0,2,6
316.0, elevID,16,  pos,6,  cmd, goto,0
317.0,Elevator call,316.0323783,0,-1,1,0, got allocated to elevator, 0
, elevID,10,  pos,0,  cmd, stop,0
320.0,Elevator call,319.905202,6,5,1,0, got allocated to elevator, 0
321.0,Elevator call,320.9760749,-1,0,1,0, got allocated to elevator, 0
322.0,Elevator call,321.370409,7,-1,1,8, got allocated to elevator, 8
322.0,Elev,10,  arrived at src, 0, Elevator call,316.0323783,0,-1,2,0
322.0, elevID,10,  pos,0,  cmd, goto,-1
322.0, elevID,18,  pos,9,  cmd, goto,7
328.0,Elev,10,  arrived at dest, -1, this call is done!, Elevator call,309.3005383,0,-1,3,0, Done, dt, 18.699461699999972
328.0,Elev,10,  arrived at dest, -1, this call is done!, Elevator call,312.3018556,0,-1,3,0, Done, dt, 15.69814439999999
328.0,Elev,10,  arrived at dest, -1, this call is done!, Elevator call,316.0323783,0,-1,3,0, Done, dt, 11.967621699999995
328.0,Elev,10,  arrived at src, -1, Elevator call,320.9760749,-1,0,2,0
328.0, elevID,10,  pos,-1,  cmd, goto,0
328.0,Elev,18,  arrived at src, 7, Elevator call,321.370409,7,-1,2,8
328.0, elevID,18,  pos,7,  cmd, goto,-1
330.0,Elev,16,  arrived at dest, 0, this call is done!, Elevator call,304.9984388,6,0,3,6, Done, dt, 25.001561200000026
333.0,Elevator call,332.4267319,0,10,1,9, got allocated to elevator, 9
333.0,Elev,19,  arrived at src, 0, Elevator call,332.4267319,0,10,2,9
333.0, elevID,19,  pos,0,  cmd, goto,10
334.0,Elev,10,  arrived at dest, 0, this call is done!, Elevator call,320.9760749,-1,0,3,0, Done, dt, 13.023925099999985
334.0, elevID,10,  pos,0,  cmd, goto,6
335.0,Elev,18,  arrived at dest, -1, this call is done!, Elevator call,321.370409,7,-1,3,8, Done, dt, 13.629591000000005
337.0,Elevator call,336.9304305,-1,0,1,0, got allocated to elevator, 0
341.0,Elev,10,  arrived at src, 6, Elevator call,319.905202,6,5,2,0
341.0, elevID,10,  pos,6,  cmd, goto,5
347.0,Elev,10,  arrived at dest, 5, this call is done!, Elevator call,319.905202,6,5,3,0, Done, dt, 27.094798000000026
347.0, elevID,10,  pos,5,  cmd, goto,-1
348.0,Elev,19,  arrived at dest, 10, this call is done!, Elevator call,332.4267319,0,10,3,9, Done, dt, 15.573268100000007
354.0,Elev,10,  arrived at src, -1, Elevator call,336.9304305,-1,0,2,0
354.0, elevID,10,  pos,-1,  cmd, goto,0
360.0,Elev,10,  arrived at dest, 0, this call is done!, Elevator call,336.9304305,-1,0,3,0, Done, dt, 23.0695695
376.0,Elevator call,375.490481,1,0,1,0, got allocated to elevator, 0
376.0, elevID,10,  pos,0,  cmd, goto,1
382.0,Elev,10,  arrived at src, 1, Elevator call,375.490481,1,0,2,0
382.0, elevID,10,  pos,1,  cmd, goto,0
388.0,Elev,10,  arrived at dest, 0, this call is done!, Elevator call,375.490481,1,0,3,0, Done, dt, 12.509519000000012
393.0,Elevator call,392.5160765,0,5,1,6, got allocated to elevator, 6
393.0,Elev,16,  arrived at src, 0, Elevator call,392.5160765,0,5,2,6
393.0, elevID,16,  pos,0,  cmd, goto,5
406.0,Elevator call,405.1821141,-1,10,1,9, got allocated to elevator, 9
406.0, elevID,19,  pos,10,  cmd, goto,-1
407.0,Elev,16,  arrived at dest, 5, this call is done!, Elevator call,392.5160765,0,5,3,6, Done, dt, 14.483923500000003
422.0,Elev,19,  arrived at src, -1, Elevator call,405.1821141,-1,10,2,9
422.0, elevID,19,  pos,-1,  cmd, goto,10
427.0,Elevator call,426.8615805,2,0,1,4, got allocated to elevator, 4
427.0, elevID,14,  pos,0,  cmd, goto,2
438.0,Elevator call,437.1711158,1,0,1,1, got allocated to elevator, 1
438.0, elevID,11,  pos,0,  cmd, goto,1
438.0,Elev,14,  arrived at src, 2, Elevator call,426.8615805,2,0,2,4
438.0, elevID,14,  pos,2,  cmd, goto,0
438.0,Elev,19,  arrived at dest, 10, this call is done!, Elevator call,405.1821141,-1,10,3,9, Done, dt, 32.81788590000002
446.0,Elev,11,  arrived at src, 1, Elevator call,437.1711158,1,0,2,1
446.0, elevID,11,  pos,1,  cmd, goto,0
449.0,Elev,14,  arrived at dest, 0, this call is done!, Elevator call,426.8615805,2,0,3,4, Done, dt, 22.138419499999998
454.0,Elev,11,  arrived at dest, 0, this call is done!, Elevator call,437.1711158,1,0,3,1, Done, dt, 16.828884200000005
473.0,Elevator call,472.7445474,10,-1,1,9, got allocated to elevator, 9
473.0,Elev,19,  arrived at src, 10, Elevator call,472.7445474,10,-1,2,9
473.0, elevID,19,  pos,10,  cmd, goto,-1
489.0,Elev,19,  arrived at dest, -1, this call is done!, Elevator call,472.7445474,10,-1,3,9, Done, dt, 16.255452600000012
501.0,Elevator call,500.3712045,8,-1,1,8, got allocated to elevator, 8
501.0, elevID,18,  pos,-1,  cmd, goto,8
504.0,Elevator call,503.1384784,1,-1,1,5, got allocated to elevator, 5
504.0, elevID,15,  pos,0,  cmd, goto,1
505.0,Elevator call,504.4317942,0,-1,1,2, got allocated to elevator, 2
505.0, elevID,12,  pos,4,  cmd, goto,0
508.0,Elev,18,  arrived at src, 8, Elevator call,500.3712045,8,-1,2,8
508.0, elevID,18,  pos,8,  cmd, goto,-1
515.0,Elev,15,  arrived at src, 1, Elevator call,503.1384784,1,-1,2,5
515.0, elevID,15,  pos,1,  cmd, goto,-1
515.0,Elev,18,  arrived at dest, -1, this call is done!, Elevator call,500.3712045,8,-1,3,8, Done, dt, 14.628795500000024
516.0,Elev,12,  arrived at src, 0, Elevator call,504.4317942,0,-1,2,2
516.0, elevID,12,  pos,0,  cmd, goto,-1
526.0,Elev,15,  arrived at dest, -1, this call is done!, Elevator call,503.1384784,1,-1,3,5, Done, dt, 22.861521600000003
527.0,Elev,12,  arrived at dest, -1, this call is done!, Elevator call,504.4317942,0,-1,3,2, Done, dt, 22.568205799999987
530.0,Elevator call,529.6277472,3,-1,1,5, got allocated to elevator, 5
530.0, elevID,15,  pos,-1,  cmd, goto,3
538.0,Elevator call,537.7866884,-1,6,1,7, got allocated to elevator, 7
538.0, elevID,17,  pos,0,  cmd, goto,-1
542.0,Elev,15,  arrived at src, 3, Elevator call,529.6277472,3,-1,2,5
542.0, elevID,15,  pos,3,  cmd, goto,-1
544.0,Elev,17,  arrived at src, -1, Elevator call,537.7866884,-1,6,2,7
544.0, elevID,17,  pos,-1,  cmd, goto,6
545.0,Elevator call,544.7880392,6,-1,1,7, got allocated to elevator, 7
551.0,Elev,17,  arrived at dest, 6, this call is done!, Elevator call,537.7866884,-1,6,3,7, Done, dt, 13.213311599999997
551.0,Elev,17,  arrived at src, 6, Elevator call,544.7880392,6,-1,2,7
551.0, elevID,17,  pos,6,  cmd, goto,-1
554.0,Elev,15,  arrived at dest, -1, this call is done!, Elevator call,529.6277472,3,-1,3,5, Done, dt, 24.372252799999956
555.0,Elevator call,554.0892923,4,0,1,6, got allocated to elevator, 6
555.0, elevID,16,  pos,5,  cmd, goto,4
558.0,Elevator call,557.244139,10,0,1,9, got allocated to elevator, 9
558.0,Elev,17,  arrived at dest, -1, this call is done!, Elevator call,544.7880392,6,-1,3,7, Done, dt, 13.211960800000043
558.0, elevID,19,  pos,-1,  cmd, goto,10
566.0,Elevator call,565.0195522,0,-1,1,1, got allocated to elevator, 1
566.0,Elev,11,  arrived at src, 0, Elevator call,565.0195522,0,-1,2,1
566.0, elevID,11,  pos,0,  cmd, goto,-1
566.0,Elev,16,  arrived at src, 4, Elevator call,554.0892923,4,0,2,6
566.0, elevID,16,  pos,4,  cmd, goto,0
574.0,Elev,11,  arrived at dest, -1, this call is done!, Elevator call,565.0195522,0,-1,3,1, Done, dt, 8.980447799999979
574.0,Elev,19,  arrived at src, 10, Elevator call,557.244139,10,0,2,9
574.0, elevID,19,  pos,10,  cmd, goto,0
579.0,Elev,16,  arrived at dest, 0, this call is done!, Elevator call,554.0892923,4,0,3,6, Done, dt, 24.91070769999999
582.0,Elevator call,581.870309,0,3,1,5, got allocated to elevator, 5
582.0, elevID,15,  pos,-1,  cmd, goto,0
589.0,Elev,19,  arrived at dest, 0, this call is done!, Elevator call,557.244139,10,0,3,9, Done, dt, 31.75586099999998
593.0,Elev,15,  arrived at src, 0, Elevator call,581.870309,0,3,2,5
593.0, elevID,15,  pos,0,  cmd, goto,3
597.0,Elevator call,596.1232023,8,0,1,8, got allocated to elevator, 8
597.0, elevID,18,  pos,-1,  cmd, goto,8
601.0,Elevator call,600.931288,1,0,1,1, got allocated to elevator, 1
601.0, elevID,11,  pos,-1,  cmd, goto,1
604.0,Elevator call,603.9342327,7,0,1,7, got allocated to elevator, 7
604.0,Elev,15,  arrived at dest, 3, this call is done!, Elevator call,581.870309,0,3,3,5, Done, dt, 22.12969099999998
604.0, elevID,17,  pos,-1,  cmd, goto,7
604.0,Elev,18,  arrived at src, 8, Elevator call,596.1232023,8,0,2,8
604.0, elevID,18,  pos,8,  cmd, goto,0
609.0,Elev,11,  arrived at src, 1, Elevator call,600.931288,1,0,2,1
609.0, elevID,11,  pos,1,  cmd, goto,0
611.0,Elev,17,  arrived at src, 7, Elevator call,603.9342327,7,0,2,7
611.0, elevID,17,  pos,7,  cmd, goto,0
611.0,Elev,18,  arrived at dest, 0, this call is done!, Elevator call,596.1232023,8,0,3,8, Done, dt, 14.876797699999997
617.0,Elev,11,  arrived at dest, 0, this call is done!, Elevator call,600.931288,1,0,3,1, Done, dt, 16.068712000000005
618.0,Elevator call,617.9628339,0,3,1,5, got allocated to elevator, 5
618.0, elevID,15,  pos,3,  cmd, goto,0
618.0,Elev,17,  arrived at dest, 0, this call is done!, Elevator call,603.9342327,7,0,3,7, Done, dt, 14.065767299999948
620.0,Elevator call,619.6454197,9,0,1,8, got allocated to elevator, 8
620.0, elevID,18,  pos,0,  cmd, goto,9
627.0,Elevator call,626.2116172,0,1,1,1, got allocated to elevator, 1
627.0,Elev,11,  arrived at src, 0, Elevator call,626.2116172,0,1,2,1
627.0, elevID,11,  pos,0,  cmd, goto,1
627.0,Elev,18,  arrived at src, 9, Elevator call,619.6454197,9,0,2,8
627.0, elevID,18,  pos,9,  cmd, goto,0
629.0,Elev,15,  arrived at src, 0, Elevator call,617.9628339,0,3,2,5
629.0, elevID,15,  pos,0,  cmd, goto,3
634.0,Elev,18,  arrived at dest, 0, this call is done!, Elevator call,619.6454197,9,0,3,8, Done, dt, 14.354580299999952
635.0,Elev,11,  arrived at dest, 1, this call is done!, Elevator call,626.2116172,0,1,3,1, Done, dt, 8.788382800000022
640.0,Elev,15,  arrived at dest, 3, this call is done!, Elevator call,617.9628339,0,3,3,5, Done, dt, 22.037166100000036
644.0,Elevator call,643.8547515,-1,2,1,5, got allocated to elevator, 5
644.0, elevID,15,  pos,3,  cmd, goto,-1
656.0,Elev,15,  arrived at src, -1, Elevator call,643.8547515,-1,2,2,5
656.0, elevID,15,  pos,-1,  cmd, goto,2
661.0,Elevator call,660.0732908,6,10,1,5, got allocated to elevator, 5
662.0,Elevator call,661.042082,-1,3,1,5, got allocated to elevator, 5
663.0,Elevator call,662.1730528,-1,5,1,6, got allocated to elevator, 6
663.0, elevID,16,  pos,0,  cmd, goto,-1
666.0,Elevator call,665.1155549,-1,8,1,8, got allocated to elevator, 8
666.0, elevID,18,  pos,0,  cmd, goto,-1
667.0,Elevator call,666.0340295,4,0,1,5, got allocated to elevator, 5
667.0,Elevator call,666.2411587,5,-1,1,6, got allocated to elevator, 6
667.0,Elev,15,  arrived at dest, 2, this call is done!, Elevator call,643.8547515,-1,2,3,5, Done, dt, 23.14524849999998
667.0, elevID,15,  pos,2,  cmd, goto,4
672.0,Elev,18,  arrived at src, -1, Elevator call,665.1155549,-1,8,2,8
672.0, elevID,18,  pos,-1,  cmd, goto,8
673.0,Elevator call,672.6773142,0,-1,1,2, got allocated to elevator, 2
673.0, elevID,12,  pos,-1,  cmd, goto,0
674.0,Elev,16,  arrived at src, -1, Elevator call,662.1730528,-1,5,2,6
674.0, elevID,16,  pos,-1,  cmd, goto,5
678.0,Elevator call,677.7341948,0,-1,1,2, got allocated to elevator, 2
678.0,Elev,15,  arrived at src, 4, Elevator call,666.0340295,4,0,2,5
678.0, elevID,15,  pos,4,  cmd, goto,6
679.0,Elevator call,678.9953585,-1,-2,1,2, got allocated to elevator, 2
679.0,Elev,18,  arrived at dest, 8, this call is done!, Elevator call,665.1155549,-1,8,3,8, Done, dt, 13.884445099999994
684.0,Elev,12,  arrived at src, 0, Elevator call,672.6773142,0,-1,2,2
684.0,Elev,12,  arrived at src, 0, Elevator call,677.7341948,0,-1,2,2
684.0, elevID,12,  pos,0,  cmd, goto,-1
688.0,Elev,16,  arrived at dest, 5, this call is done!, Elevator call,662.1730528,-1,5,3,6, Done, dt, 25.82694719999995
688.0,Elev,16,  arrived at src, 5, Elevator call,666.2411587,5,-1,2,6
688.0, elevID,16,  pos,5,  cmd, goto,-1
689.0,Elev,15,  arrived at src, 6, Elevator call,660.0732908,6,10,2,5
689.0, elevID,15,  pos,6,  cmd, goto,10
695.0,Elev,12,  arrived at dest, -1, this call is done!, Elevator call,672.6773142,0,-1,3,2, Done, dt, 22.322685800000045
695.0,Elev,12,  arrived at dest, -1, this call is done!, Elevator call,677.7341948,0,-1,3,2, Done, dt, 17.265805200000045
695.0,Elev,12,  arrived at src, -1, Elevator call,678.9953585,-1,-2,2,2
695.0, elevID,12,  pos,-1,  cmd, goto,-2
696.0,Elevator call,695.2239882,0,10,1,9, got allocated to elevator, 9
696.0,Elev,19,  arrived at src, 0, Elevator call,695.2239882,0,10,2,9
696.0, elevID,19,  pos,0,  cmd, goto,10
701.0,Elev,15,  arrived at dest, 10, this call is done!, Elevator call,660.0732908,6,10,3,5, Done, dt, 40.926709200000005
701.0, elevID,15,  pos,10,  cmd, goto,0
702.0,Elev,16,  arrived at dest, -1, this call is done!, Elevator call,666.2411587,5,-1,3,6, Done, dt, 35.75884129999997
706.0,Elev,12,  arrived at dest, -2, this call is done!, Elevator call,678.9953585,-1,-2,3,2, Done, dt, 27.004641500000048
707.0,Elevator call,706.1583475,-1,-2,1,2, got allocated to elevator, 2
707.0, elevID,12,  pos,-2,  cmd, goto,-1
711.0,Elevator call,710.324977,0,1,1,2, got allocated to elevator, 2
711.0,Elev,19,  arrived at dest, 10, this call is done!, Elevator call,695.2239882,0,10,3,9, Done, dt, 15.776011799999992
714.0,Elevator call,713.0191971,1,0,1,0, got allocated to elevator, 0
714.0,Elevator call,713.2499766,10,-1,1,9, got allocated to elevator, 9
714.0, elevID,10,  pos,0,  cmd, goto,1
714.0,Elev,19,  arrived at src, 10, Elevator call,713.2499766,10,-1,2,9
714.0, elevID,19,  pos,10,  cmd, goto,-1
715.0,Elev,15,  arrived at dest, 0, this call is done!, Elevator call,666.0340295,4,0,3,5, Done, dt, 48.965970500000026
715.0, elevID,15,  pos,0,  cmd, goto,-1
718.0,Elev,12,  arrived at src, -1, Elevator call,706.1583475,-1,-2,2,2
718.0, elevID,12,  pos,-1,  cmd, goto,0
720.0,Elev,10,  arrived at src, 1, Elevator call,713.0191971,1,0,2,0
720.0, elevID,10,  pos,1,  cmd, goto,0
723.0,Elevator call,722.6161213,10,0,1,9, got allocated to elevator, 9
726.0,Elev,10,  arrived at dest, 0, this call is done!, Elevator call,713.0191971,1,0,3,0, Done, dt, 12.980802899999958
726.0,Elev,15,  arrived at src, -1, Elevator call,661.042082,-1,3,2,5
726.0, elevID,15,  pos,-1,  cmd, goto,3
728.0,Elevator call,727.5146029,-1,0,1,3, got allocated to elevator, 3
728.0, elevID,13,  pos,0,  cmd, goto,-1
729.0,Elev,12,  arrived at src, 0, Elevator call,710.324977,0,1,2,2
729.0, elevID,12,  pos,0,  cmd, goto,1
730.0,Elev,19,  arrived at dest, -1, this call is done!, Elevator call,713.2499766,10,-1,3,9, Done, dt, 16.750023400000032
730.0, elevID,19,  pos,-1,  cmd, goto,10
733.0,Elevator call,732.9746341,6,-1,1,7, got allocated to elevator, 7
733.0, elevID,17,  pos,0,  cmd, goto,6
738.0,Elevator call,737.3147202,1,0,1,1, got allocated to elevator, 1
738.0,Elev,11,  arrived at src, 1, Elevator call,737.3147202,1,0,2,1
738.0, elevID,11,  pos,1,  cmd, goto,0
738.0,Elev,15,  arrived at dest, 3, this call is done!, Elevator call,661.042082,-1,3,3,5, Done, dt, 76.95791799999995
739.0,Elev,13,  arrived at src, -1, Elevator call,727.5146029,-1,0,2,3
739.0, elevID,13,  pos,-1,  cmd, goto,0
740.0,Elev,12,  arrived at dest, 1, this call is done!, Elevator call,710.324977,0,1,3,2, Done, dt, 29.67502300000001
740.0, elevID,12,  pos,1,  cmd, goto,-2
740.0,Elev,17,  arrived at src, 6, Elevator call,732.9746341,6,-1,2,7
740.0, elevID,17,  pos,6,  cmd, goto,-1
746.0,Elev,11,  arrived at dest, 0, this call is done!, Elevator call,737.3147202,1,0,3,1, Done, dt, 8.68527979999999
746.0,Elev,19,  arrived at src, 10, Elevator call,722.6161213,10,0,2,9
746.0, elevID,19,  pos,10,  cmd, goto,0
747.0,Elev,17,  arrived at dest, -1, this call is done!, Elevator call,732.9746341,6,-1,3,7, Done, dt, 14.025365899999997
750.0,Elev,13,  arrived at dest, 0, this call is done!, Elevator call,727.5146029,-1,0,3,3, Done, dt, 22.4853971
751.0,Elev,12,  arrived at dest, -2, this call is done!, Elevator call,706.1583475,-1,-2,3,2, Done, dt, 44.84165250000001
761.0,Elev,19,  arrived at dest, 0, this call is done!, Elevator call,722.6161213,10,0,3,9, Done, dt, 38.38387869999997
780.0,Elevator call,779.3996914,-1,5,1,7, got allocated to elevator, 7
780.0,Elev,17,  arrived at src, -1, Elevator call,779.3996914,-1,5,2,7
780.0, elevID,17,  pos,-1,  cmd, goto,5
787.0,Elev,17,  arrived at dest, 5, this call is done!, Elevator call,779.3996914,-1,5,3,7, Done, dt, 7.6003085999999485
806.0,Elevator call,805.6754743,-1,-2,1,1, got allocated to elevator, 1
806.0, elevID,11,  pos,0,  cmd, goto,-1
811.0,Elevator call,810.4469089,2,0,1,4, got allocated to elevator, 4
811.0, elevID,14,  pos,0,  cmd, goto,2
814.0,Elev,11,  arrived at src, -1, Elevator call,805.6754743,-1,-2,2,1
814.0, elevID,11,  pos,-1,  cmd, goto,-2
817.0,Elevator call,816.1516998,7,-1,1,8, got allocated to elevator, 8
817.0, elevID,18,  pos,8,  cmd, goto,7
822.0,Elev,11,  arrived at dest, -2, this call is done!, Elevator call,805.6754743,-1,-2,3,1, Done, dt, 16.32452569999998
822.0,Elev,14,  arrived at src, 2, Elevator call,810.4469089,2,0,2,4
822.0, elevID,14,  pos,2,  cmd, goto,0
823.0,Elev,18,  arrived at src, 7, Elevator call,816.1516998,7,-1,2,8
823.0, elevID,18,  pos,7,  cmd, goto,-1
826.0,Elevator call,825.4575185,7,0,1,7, got allocated to elevator, 7
826.0, elevID,17,  pos,5,  cmd, goto,7
830.0,Elev,18,  arrived at dest, -1, this call is done!, Elevator call,816.1516998,7,-1,3,8, Done, dt, 13.84830020000004
832.0,Elev,17,  arrived at src, 7, Elevator call,825.4575185,7,0,2,7
832.0, elevID,17,  pos,7,  cmd, goto,0
833.0,Elev,14,  arrived at dest, 0, this call is done!, Elevator call,810.4469089,2,0,3,4, Done, dt, 22.55309109999996
839.0,Elev,17,  arrived at dest, 0, this call is done!, Elevator call,825.4575185,7,0,3,7, Done, dt, 13.542481500000008
840.0,Elevator call,839.8525653,0,1,1,1, got allocated to elevator, 1
840.0, elevID,11,  pos,-2,  cmd, goto,0
848.0,Elev,11,  arrived at src, 0, Elevator call,839.8525653,0,1,2,1
848.0, elevID,11,  pos,0,  cmd, goto,1
855.0,Elevator call,854.2002278,6,-1,1,7, got allocated to elevator, 7
855.0, elevID,17,  pos,0,  cmd, goto,6
856.0,Elev,11,  arrived at dest, 1, this call is done!, Elevator call,839.8525653,0,1,3,1, Done, dt, 16.147434699999963
862.0,Elev,17,  arrived at src, 6, Elevator call,854.2002278,6,-1,2,7
862.0, elevID,17,  pos,6,  cmd, goto,-1
864.0,Elevator call,863.8932913,0,-1,1,1, got allocated to elevator, 1
864.0, elevID,11,  pos,1,  cmd, goto,0
869.0,Elev,17,  arrived at dest, -1, this call is done!, Elevator call,854.2002278,6,-1,3,7, Done, dt, 14.799772200000007
871.0,Elevator call,870.5053024,0,7,1,7, got allocated to elevator, 7
871.0, elevID,17,  pos,-1,  cmd, goto,0
872.0,Elev,11,  arrived at src, 0, Elevator call,863.8932913,0,-1,2,1
872.0, elevID,11,  pos,0,  cmd, goto,-1
877.0,Elev,17,  arrived at src, 0, Elevator call,870.5053024,0,7,2,7
877.0, elevID,17,  pos,0,  cmd, goto,7
880.0,Elev,11,  arrived at dest, -1, this call is done!, Elevator call,863.8932913,0,-1,3,1, Done, dt, 16.106708700000013
884.0,Elev,17,  arrived at dest, 7, this call is done!, Elevator call,870.5053024,0,7,3,7, Done, dt, 13.494697599999995
887.0,Elevator call,886.5649993,-1,-2,1,1, got allocated to elevator, 1
887.0,Elev,11,  arrived at src, -1, Elevator call,886.5649993,-1,-2,2,1
887.0, elevID,11,  pos,-1,  cmd, goto,-2
893.0,Elevator call,892.5212151,9,-1,1,9, got allocated to elevator, 9
893.0, elevID,19,  pos,0,  cmd, goto,9
895.0,Elev,11,  arrived at dest, -2, this call is done!, Elevator call,886.5649993,-1,-2,3,1, Done, dt, 8.435000700000046
908.0,Elev,19,  arrived at src, 9, Elevator call,892.5212151,9,-1,2,9
908.0, elevID,19,  pos,9,  cmd, goto,-1
911.0,Elevator call,910.5388559,6,5,1,2, got allocated to elevator, 2
911.0, elevID,12,  pos,-2,  cmd, goto,6
916.0,Elevator call,915.9490575,4,-1,1,6, got allocated to elevator, 6
916.0, elevID,16,  pos,-1,  cmd, goto,4
923.0,Elev,12,  arrived at src, 6, Elevator call,910.5388559,6,5,2,2
923.0, elevID,12,  pos,6,  cmd, goto,5
923.0,Elev,19,  arrived at dest, -1, this call is done!, Elevator call,892.5212151,9,-1,3,9, Done, dt, 30.47878490000005
930.0,Elev,16,  arrived at src, 4, Elevator call,915.9490575,4,-1,2,6
930.0, elevID,16,  pos,4,  cmd, goto,-1
934.0,Elevator call,933.8580452,7,5,1,4, got allocated to elevator, 4
934.0,Elev,12,  arrived at dest, 5, this call is done!, Elevator call,910.5388559,6,5,3,2, Done, dt, 23.461144099999956
934.0, elevID,14,  pos,0,  cmd, goto,7
944.0,Elev,16,  arrived at dest, -1, this call is done!, Elevator call,915.9490575,4,-1,3,6, Done, dt, 28.05094250000002
947.0,Elev,14,  arrived at src, 7, Elevator call,933.8580452,7,5,2,4
947.0, elevID,14,  pos,7,  cmd, goto,5
958.0,Elev,14,  arrived at dest, 5, this call is done!, Elevator call,933.8580452,7,5,3,4, Done, dt, 24.141954800000008
962.0,Elevator call,961.6862856,6,-1,1,7, got allocated to elevator, 7
962.0, elevID,17,  pos,7,  cmd, goto,6
968.0,Elev,17,  arrived at src, 6, Elevator call,961.6862856,6,-1,2,7
968.0, elevID,17,  pos,6,  cmd, goto,-1
973.0,Elevator call,972.8032126,1,0,1,3, got allocated to elevator, 3
973.0, elevID,13,  pos,0,  cmd, goto,1
975.0,Elev,17,  arrived at dest, -1, this call is done!, Elevator call,961.6862856,6,-1,3,7, Done, dt, 13.31371439999998
976.0,Elevator call,975.8361203,0,-1,1,3, got allocated to elevator, 3
976.0, elevID,13,  pos,0,  cmd, stop,0
979.0,Elevator call,978.5925149,10,0,1,9, got allocated to elevator, 9
979.0,Elevator call,978.6210501,10,-1,1,9, got allocated to elevator, 9
979.0, elevID,19,  pos,-1,  cmd, goto,10
983.0,Elev,13,  arrived at src, 0, Elevator call,975.8361203,0,-1,2,3
983.0, elevID,13,  pos,0,  cmd, goto,1
985.0,Elevator call,984.1840186,7,0,1,7, got allocated to elevator, 7
985.0, elevID,17,  pos,-1,  cmd, goto,7
992.0,Elev,17,  arrived at src, 7, Elevator call,984.1840186,7,0,2,7
992.0, elevID,17,  pos,7,  cmd, goto,0
994.0,Elev,13,  arrived at src, 1, Elevator call,972.8032126,1,0,2,3
994.0, elevID,13,  pos,1,  cmd, goto,0
995.0,Elev,19,  arrived at src, 10, Elevator call,978.5925149,10,0,2,9
995.0,Elev,19,  arrived at src, 10, Elevator call,978.6210501,10,-1,2,9
995.0, elevID,19,  pos,10,  cmd, goto,0
999.0,Elev,17,  arrived at dest, 0, this call is done!, Elevator call,984.1840186,7,0,3,7, Done, dt, 14.815981400000055
1005.0,Elev,13,  arrived at dest, 0, this call is done!, Elevator call,972.8032126,1,0,3,3, Done, dt, 32.19678739999995
1005.0, elevID,13,  pos,0,  cmd, goto,-1
1010.0,Elev,19,  arrived at dest, 0, this call is done!, Elevator call,978.5925149,10,0,3,9, Done, dt, 31.40748510000003
1010.0, elevID,19,  pos,0,  cmd, goto,-1
1016.0,Elev,13,  arrived at dest, -1, this call is done!, Elevator call,975.8361203,0,-1,3,3, Done, dt, 40.16387970000005
1021.0,Elev,19,  arrived at dest, -1, this call is done!, Elevator call,978.6210501,10,-1,3,9, Done, dt, 42.37894989999995
1022.0,************* Simulation Ended ************
Code Owners,206770414,322782376,  Building_file,B5.json,  Calls,outputB5a.csv
Total waiting time: 2218.0,  average waiting time per call: 22.18,  unCompleted calls,0,  certificate, -66684128
